Using pre-set license
Built from '2020.3/staging' branch; Version is '2020.3.30f1 (1fb1bf06830e) revision 2077119'; Using compiler version '192528614'; Build Type 'Release'
OS: 'Windows 11  (10.0.22000) 64bit Professional' Language: 'es' Physical Memory: 12174 MB
BatchMode: 1, IsHumanControllingUs: 0, StartBugReporterOnCrash: 0, Is64bit: 1, IsPro: 0

COMMAND LINE ARGUMENTS:
C:\Program Files\Unity 2020.3.30f1\Editor\Unity.exe
-adb2
-batchMode
-noUpm
-name
AssetImportWorker4
-projectPath
C:/PROYECTOS/Recogedor_de_basura_acuatico/Robot_acuatico_autonomo
-logFile
Logs/AssetImportWorker4.log
-srvPort
50616
Successfully changed project path to: C:/PROYECTOS/Recogedor_de_basura_acuatico/Robot_acuatico_autonomo
C:/PROYECTOS/Recogedor_de_basura_acuatico/Robot_acuatico_autonomo
Using Asset Import Pipeline V2.
Refreshing native plugins compatible for Editor in 328.48 ms, found 2 plugins.
Preloading 0 native plugins for Editor in 0.00 ms.
Initialize engine version: 2020.3.30f1 (1fb1bf06830e)
[Subsystems] Discovering subsystems at path C:/Program Files/Unity 2020.3.30f1/Editor/Data/Resources/UnitySubsystems
[Subsystems] Discovering subsystems at path C:/PROYECTOS/Recogedor_de_basura_acuatico/Robot_acuatico_autonomo/Assets
GfxDevice: creating device client; threaded=0
Direct3D:
    Version:  Direct3D 11.0 [level 11.1]
    Renderer: Intel(R) UHD Graphics 620 (ID=0x5917)
    Vendor:   
    VRAM:     6087 MB
    Driver:   25.20.100.6615
Initialize mono
Mono path[0] = 'C:/Program Files/Unity 2020.3.30f1/Editor/Data/Managed'
Mono path[1] = 'C:/Program Files/Unity 2020.3.30f1/Editor/Data/MonoBleedingEdge/lib/mono/unityjit'
Mono config path = 'C:/Program Files/Unity 2020.3.30f1/Editor/Data/MonoBleedingEdge/etc'
Using monoOptions --debugger-agent=transport=dt_socket,embedding=1,server=y,suspend=n,address=127.0.0.1:56868
Begin MonoManager ReloadAssembly
Registering precompiled unity dll's ...
Register platform support module: C:/Program Files/Unity 2020.3.30f1/Editor/Data/PlaybackEngines/WindowsStandaloneSupport/UnityEditor.WindowsStandalone.Extensions.dll
Registered in 0.004735 seconds.
Native extension for WindowsStandalone target not found
Refreshing native plugins compatible for Editor in 351.31 ms, found 2 plugins.
Preloading 0 native plugins for Editor in 0.00 ms.
Mono: successfully reloaded assembly
- Completed reload, in  3.001 seconds
Domain Reload Profiling:
	ReloadAssembly (3002ms)
		BeginReloadAssembly (276ms)
			ExecutionOrderSort (0ms)
			DisableScriptedObjects (0ms)
			BackupInstance (0ms)
			ReleaseScriptingObjects (0ms)
			CreateAndSetChildDomain (3ms)
		EndReloadAssembly (2393ms)
			LoadAssemblies (270ms)
			RebuildTransferFunctionScriptingTraits (0ms)
			SetupTypeCache (780ms)
			ReleaseScriptCaches (0ms)
			RebuildScriptCaches (133ms)
			SetupLoadedEditorAssemblies (1006ms)
				LogAssemblyErrors (0ms)
				InitializePlatformSupportModulesInManaged (17ms)
				SetLoadedEditorAssemblies (1ms)
				RefreshPlugins (352ms)
				BeforeProcessingInitializeOnLoad (57ms)
				ProcessInitializeOnLoadAttributes (441ms)
				ProcessInitializeOnLoadMethodAttributes (136ms)
				AfterProcessingInitializeOnLoad (0ms)
				EditorAssembliesLoaded (2ms)
			ExecutionOrderSort2 (0ms)
			AwakeInstancesAfterBackupRestoration (0ms)
Platform modules already initialized, skipping
Registering precompiled user dll's ...
Registered in 0.012597 seconds.
Begin MonoManager ReloadAssembly
Native extension for WindowsStandalone target not found
Refreshing native plugins compatible for Editor in 356.19 ms, found 2 plugins.
Preloading 0 native plugins for Editor in 0.00 ms.
Mono: successfully reloaded assembly
- Completed reload, in 11.621 seconds
Domain Reload Profiling:
	ReloadAssembly (11637ms)
		BeginReloadAssembly (677ms)
			ExecutionOrderSort (0ms)
			DisableScriptedObjects (26ms)
			BackupInstance (0ms)
			ReleaseScriptingObjects (0ms)
			CreateAndSetChildDomain (76ms)
		EndReloadAssembly (10681ms)
			LoadAssemblies (1123ms)
			RebuildTransferFunctionScriptingTraits (0ms)
			SetupTypeCache (1887ms)
			ReleaseScriptCaches (1ms)
			RebuildScriptCaches (266ms)
			SetupLoadedEditorAssemblies (6777ms)
				LogAssemblyErrors (0ms)
				InitializePlatformSupportModulesInManaged (15ms)
				SetLoadedEditorAssemblies (1ms)
				RefreshPlugins (356ms)
				BeforeProcessingInitializeOnLoad (441ms)
				ProcessInitializeOnLoadAttributes (1342ms)
				ProcessInitializeOnLoadMethodAttributes (4604ms)
				AfterProcessingInitializeOnLoad (17ms)
				EditorAssembliesLoaded (1ms)
			ExecutionOrderSort2 (0ms)
			AwakeInstancesAfterBackupRestoration (37ms)
Platform modules already initialized, skipping
========================================================================
Worker process is ready to serve import requests
Launched and connected shader compiler UnityShaderCompiler.exe after 0.67 seconds
Refreshing native plugins compatible for Editor in 2.33 ms, found 2 plugins.
Preloading 0 native plugins for Editor in 0.00 ms.
Unloading 3130 Unused Serialized files (Serialized files now loaded: 0)
System memory in use before: 218.5 MB.
System memory in use after: 218.7 MB.

Unloading 17 unused Assets to reduce memory usage. Loaded Objects now: 3590.
Total: 10.735900 ms (FindLiveObjects: 0.580200 ms CreateObjectMapping: 0.640800 ms MarkObjects: 9.058400 ms  DeleteObjects: 0.453800 ms)

AssetImportParameters requested are different than current active one (requested -> active):
  custom:framework-win-MediaFoundation: 216162199b28c13a410421893ffa2e32 -> 
  custom:video-decoder-ogg-theora: a1e56fd34408186e4bbccfd4996cb3dc -> 
  custom:container-muxer-webm: aa71ff27fc2769a1b78a27578f13a17b -> 
  custom:container-demuxer-webm: 4f35f7cbe854078d1ac9338744f61a02 -> 
  custom:container-demuxer-ogg: 62fdf1f143b41e24485cea50d1cbac27 -> 
  custom:video-encoder-webm-vp8: eb34c28f22e8b96e1ab97ce403110664 -> 
  custom:video-decoder-webm-vp8: 9c59270c3fd7afecdb556c50c9e8de78 -> 
  custom:audio-decoder-ogg-vorbis: bf7c407c2cedff20999df2af8eb42d56 -> 
  custom:audio-encoder-webm-vorbis: bf7c407c2cedff20999df2af8eb42d56 -> 
========================================================================
Received Import Request.
  path: Assets/Imagenes/11_01_2023_22_47_49/Image25anglez0velocity0c3772.png
  artifactKey: Guid(38595490e0a635a469954613022b4ade) Importer(815301076,1909f56bfc062723c751e8b465ee728b)
Start importing Assets/Imagenes/11_01_2023_22_47_49/Image25anglez0velocity0c3772.png using Guid(38595490e0a635a469954613022b4ade) Importer(815301076,1909f56bfc062723c751e8b465ee728b)  -> (artifact id: '0267f98269c6988c0f518bd1e642b673') in 0.469720 seconds 
========================================================================
Received Import Request.
  Time since last request: 0.000534 seconds.
  path: Assets/Imagenes/11_01_2023_22_47_49/Image36anglez0velocity0c3797.png
  artifactKey: Guid(1b58570fa5eaf4549b7c1e12e96cafc4) Importer(815301076,1909f56bfc062723c751e8b465ee728b)
Start importing Assets/Imagenes/11_01_2023_22_47_49/Image36anglez0velocity0c3797.png using Guid(1b58570fa5eaf4549b7c1e12e96cafc4) Importer(815301076,1909f56bfc062723c751e8b465ee728b)  -> (artifact id: '9475afbcf3d0363a32187df73b458afc') in 0.044451 seconds 
========================================================================
Received Import Request.
  Time since last request: 0.000972 seconds.
  path: Assets/Imagenes/11_01_2023_22_47_49/Image38anglez0velocity0c3798.png
  artifactKey: Guid(c614c2eb5bf708e4d9795e2a8bc8d91c) Importer(815301076,1909f56bfc062723c751e8b465ee728b)
Start importing Assets/Imagenes/11_01_2023_22_47_49/Image38anglez0velocity0c3798.png using Guid(c614c2eb5bf708e4d9795e2a8bc8d91c) Importer(815301076,1909f56bfc062723c751e8b465ee728b)  -> (artifact id: '549be24d9e63a9f1a9464ef2857e4b9f') in 0.049891 seconds 
========================================================================
Received Import Request.
  Time since last request: 0.000665 seconds.
  path: Assets/Imagenes/11_01_2023_22_47_49/Image39anglez0velocity0c3799.png
  artifactKey: Guid(8ef63aa9fe8f1c64eaf4c38dd148cb07) Importer(815301076,1909f56bfc062723c751e8b465ee728b)
Start importing Assets/Imagenes/11_01_2023_22_47_49/Image39anglez0velocity0c3799.png using Guid(8ef63aa9fe8f1c64eaf4c38dd148cb07) Importer(815301076,1909f56bfc062723c751e8b465ee728b)  -> (artifact id: '7bb640bc3018c5d48d5a43f04419ce1e') in 0.038870 seconds 
========================================================================
Received Import Request.
  Time since last request: 0.000676 seconds.
  path: Assets/Imagenes/11_01_2023_22_47_49/Image24anglez0velocity0c3766.png
  artifactKey: Guid(adbea0e9acc1f6f4c906477c990536af) Importer(815301076,1909f56bfc062723c751e8b465ee728b)
Start importing Assets/Imagenes/11_01_2023_22_47_49/Image24anglez0velocity0c3766.png using Guid(adbea0e9acc1f6f4c906477c990536af) Importer(815301076,1909f56bfc062723c751e8b465ee728b)  -> (artifact id: 'f1762605ec9e5485c946dd7a534d10d9') in 0.080239 seconds 
========================================================================
Received Import Request.
  Time since last request: 0.000499 seconds.
  path: Assets/Imagenes/11_01_2023_22_47_49/Image45anglez0velocity0c38.png
  artifactKey: Guid(167de1b919ee1cb48b83929103ea4c0c) Importer(815301076,1909f56bfc062723c751e8b465ee728b)
Start importing Assets/Imagenes/11_01_2023_22_47_49/Image45anglez0velocity0c38.png using Guid(167de1b919ee1cb48b83929103ea4c0c) Importer(815301076,1909f56bfc062723c751e8b465ee728b)  -> (artifact id: '0f676cec1e2af2c3bd95bb7889a9026a') in 0.037719 seconds 
========================================================================
Received Import Request.
  Time since last request: 0.000598 seconds.
  path: Assets/Imagenes/11_01_2023_22_47_49/Image37anglez0velocity0c3798.png
  artifactKey: Guid(8f4b80b6faaff3a499f893b77b7a692a) Importer(815301076,1909f56bfc062723c751e8b465ee728b)
Start importing Assets/Imagenes/11_01_2023_22_47_49/Image37anglez0velocity0c3798.png using Guid(8f4b80b6faaff3a499f893b77b7a692a) Importer(815301076,1909f56bfc062723c751e8b465ee728b)  -> (artifact id: 'c5ecf96cbef7e043c0454e5a5ce19f4d') in 0.062883 seconds 
========================================================================
Received Import Request.
  Time since last request: 0.000684 seconds.
  path: Assets/Imagenes/11_01_2023_22_47_49/Image20anglez0velocity0c3722.png
  artifactKey: Guid(3b6394ec8a5639a45a58d32cd1ccc710) Importer(815301076,1909f56bfc062723c751e8b465ee728b)
Start importing Assets/Imagenes/11_01_2023_22_47_49/Image20anglez0velocity0c3722.png using Guid(3b6394ec8a5639a45a58d32cd1ccc710) Importer(815301076,1909f56bfc062723c751e8b465ee728b)  -> (artifact id: '84bde8d843b479e493c232d4b8ead5bd') in 0.066775 seconds 
========================================================================
Received Import Request.
  Time since last request: 0.000681 seconds.
  path: Assets/Imagenes/11_01_2023_22_47_49/Image10anglez0velocity0c3199.png
  artifactKey: Guid(8f25b2add0a5052428ab22a662346589) Importer(815301076,1909f56bfc062723c751e8b465ee728b)
Start importing Assets/Imagenes/11_01_2023_22_47_49/Image10anglez0velocity0c3199.png using Guid(8f25b2add0a5052428ab22a662346589) Importer(815301076,1909f56bfc062723c751e8b465ee728b)  -> (artifact id: '75459cd0f10075943798f4ccb4ba96d6') in 0.063168 seconds 
========================================================================
Received Import Request.
  Time since last request: 0.000593 seconds.
  path: Assets/Imagenes/11_01_2023_22_47_49/Image5anglez0velocity0c2131.png
  artifactKey: Guid(60bfcd205b8154b488238da882977401) Importer(815301076,1909f56bfc062723c751e8b465ee728b)
Start importing Assets/Imagenes/11_01_2023_22_47_49/Image5anglez0velocity0c2131.png using Guid(60bfcd205b8154b488238da882977401) Importer(815301076,1909f56bfc062723c751e8b465ee728b)  -> (artifact id: '9eb3d29bee69815bc594c62a24ecc9d7') in 0.049325 seconds 
========================================================================
Received Import Request.
  Time since last request: 0.000628 seconds.
  path: Assets/Imagenes/11_01_2023_22_47_49/Image35anglez0velocity0c3797.png
  artifactKey: Guid(a155917ad16657449acf3cf12e66115f) Importer(815301076,1909f56bfc062723c751e8b465ee728b)
Start importing Assets/Imagenes/11_01_2023_22_47_49/Image35anglez0velocity0c3797.png using Guid(a155917ad16657449acf3cf12e66115f) Importer(815301076,1909f56bfc062723c751e8b465ee728b)  -> (artifact id: '19e42637089f696e26b6cad197fe1ced') in 0.056519 seconds 
========================================================================
Received Import Request.
  Time since last request: 0.000475 seconds.
  path: Assets/Imagenes/11_01_2023_22_47_49/Image6anglez0velocity0c2439.png
  artifactKey: Guid(79ff31548a45e33488126526f65c379c) Importer(815301076,1909f56bfc062723c751e8b465ee728b)
Start importing Assets/Imagenes/11_01_2023_22_47_49/Image6anglez0velocity0c2439.png using Guid(79ff31548a45e33488126526f65c379c) Importer(815301076,1909f56bfc062723c751e8b465ee728b)  -> (artifact id: '69f572be50ed3669f817d7cde8df97cc') in 0.063264 seconds 
========================================================================
Received Import Request.
  Time since last request: 0.000608 seconds.
  path: Assets/Imagenes/11_01_2023_22_47_49/Image8anglez0velocity0c2895.png
  artifactKey: Guid(3da98a316caffe040b547555f1c9e0fe) Importer(815301076,1909f56bfc062723c751e8b465ee728b)
Start importing Assets/Imagenes/11_01_2023_22_47_49/Image8anglez0velocity0c2895.png using Guid(3da98a316caffe040b547555f1c9e0fe) Importer(815301076,1909f56bfc062723c751e8b465ee728b)  -> (artifact id: 'a93924956569bc8254854fbe37f734b4') in 0.151377 seconds 
========================================================================
Received Import Request.
  Time since last request: 0.000687 seconds.
  path: Assets/Imagenes/11_01_2023_22_47_49/Image23anglez0velocity0c3758.png
  artifactKey: Guid(ebd8598025a52de41af497d4c5456c3d) Importer(815301076,1909f56bfc062723c751e8b465ee728b)
Start importing Assets/Imagenes/11_01_2023_22_47_49/Image23anglez0velocity0c3758.png using Guid(ebd8598025a52de41af497d4c5456c3d) Importer(815301076,1909f56bfc062723c751e8b465ee728b)  -> (artifact id: '8647000468e2f616027ec966129bfcf5') in 0.053327 seconds 
========================================================================
Received Import Request.
  Time since last request: 0.000662 seconds.
  path: Assets/Imagenes/11_01_2023_22_47_49/Image12anglez0velocity0c34.png
  artifactKey: Guid(b7209e0092a87424b8260295a41146c0) Importer(815301076,1909f56bfc062723c751e8b465ee728b)
Start importing Assets/Imagenes/11_01_2023_22_47_49/Image12anglez0velocity0c34.png using Guid(b7209e0092a87424b8260295a41146c0) Importer(815301076,1909f56bfc062723c751e8b465ee728b)  -> (artifact id: 'e3034e8d3f40ef947fdbd4e6c37da508') in 0.040538 seconds 
========================================================================
Received Import Request.
  Time since last request: 0.000595 seconds.
  path: Assets/Imagenes/11_01_2023_22_47_49/Image0anglez0velocityz0.png
  artifactKey: Guid(1eb099c27fd8981479d32bb1891d20e9) Importer(815301076,1909f56bfc062723c751e8b465ee728b)
Start importing Assets/Imagenes/11_01_2023_22_47_49/Image0anglez0velocityz0.png using Guid(1eb099c27fd8981479d32bb1891d20e9) Importer(815301076,1909f56bfc062723c751e8b465ee728b)  -> (artifact id: '0cea3d7f800baf68eb0e773180985af0') in 0.067827 seconds 
========================================================================
Received Import Request.
  Time since last request: 0.000670 seconds.
  path: Assets/Imagenes/11_01_2023_22_47_49/Image47anglez0velocity0c38.png
  artifactKey: Guid(6fdbb536fbcf8224dbf97d825cab20e4) Importer(815301076,1909f56bfc062723c751e8b465ee728b)
Start importing Assets/Imagenes/11_01_2023_22_47_49/Image47anglez0velocity0c38.png using Guid(6fdbb536fbcf8224dbf97d825cab20e4) Importer(815301076,1909f56bfc062723c751e8b465ee728b)  -> (artifact id: 'c5891195706a2137987c512014c9c03f') in 0.063080 seconds 
========================================================================
Received Import Request.
  Time since last request: 0.000527 seconds.
  path: Assets/Imagenes/11_01_2023_22_47_49/Image27anglez0velocity0c3782.png
  artifactKey: Guid(d5e55f69d9c47fe409f75af9b1941dfe) Importer(815301076,1909f56bfc062723c751e8b465ee728b)
Start importing Assets/Imagenes/11_01_2023_22_47_49/Image27anglez0velocity0c3782.png using Guid(d5e55f69d9c47fe409f75af9b1941dfe) Importer(815301076,1909f56bfc062723c751e8b465ee728b)  -> (artifact id: '12ccd7b64249f903c8196c65a85a4f11') in 0.042482 seconds 
========================================================================
Received Import Request.
  Time since last request: 0.000543 seconds.
  path: Assets/Imagenes/11_01_2023_22_47_49/Image44anglez0velocity0c38.png
  artifactKey: Guid(0c05507a4527a8240a5fbbb81ed66d31) Importer(815301076,1909f56bfc062723c751e8b465ee728b)
Start importing Assets/Imagenes/11_01_2023_22_47_49/Image44anglez0velocity0c38.png using Guid(0c05507a4527a8240a5fbbb81ed66d31) Importer(815301076,1909f56bfc062723c751e8b465ee728b)  -> (artifact id: '7fb25a380a2051f74149d5ff95a8ff50') in 0.057002 seconds 
========================================================================
Received Import Request.
  Time since last request: 0.000855 seconds.
  path: Assets/Imagenes/11_01_2023_22_47_49/Image21anglez0velocity0c3737.png
  artifactKey: Guid(87a5d8c8c79305840973fc319a7bac78) Importer(815301076,1909f56bfc062723c751e8b465ee728b)
Start importing Assets/Imagenes/11_01_2023_22_47_49/Image21anglez0velocity0c3737.png using Guid(87a5d8c8c79305840973fc319a7bac78) Importer(815301076,1909f56bfc062723c751e8b465ee728b)  -> (artifact id: '537029a052b8f588de6dcdd795d7fdc7') in 0.053641 seconds 
========================================================================
Received Import Request.
  Time since last request: 0.000473 seconds.
  path: Assets/Imagenes/11_01_2023_22_47_49/Image7anglez0velocity0c269.png
  artifactKey: Guid(97e4203db029b924bbf4ca729fbbf2d3) Importer(815301076,1909f56bfc062723c751e8b465ee728b)
Start importing Assets/Imagenes/11_01_2023_22_47_49/Image7anglez0velocity0c269.png using Guid(97e4203db029b924bbf4ca729fbbf2d3) Importer(815301076,1909f56bfc062723c751e8b465ee728b)  -> (artifact id: 'c4389ede414555b175461f924e83a859') in 0.054497 seconds 
========================================================================
Received Import Request.
  Time since last request: 0.000712 seconds.
  path: Assets/Imagenes/11_01_2023_22_47_49/Image31anglez0velocity0c3792.png
  artifactKey: Guid(f124a7ddd21d64e4893af1f9579249e3) Importer(815301076,1909f56bfc062723c751e8b465ee728b)
Start importing Assets/Imagenes/11_01_2023_22_47_49/Image31anglez0velocity0c3792.png using Guid(f124a7ddd21d64e4893af1f9579249e3) Importer(815301076,1909f56bfc062723c751e8b465ee728b)  -> (artifact id: 'a1e93b171914d4bdba5e82f5099946d7') in 0.045631 seconds 
========================================================================
Received Import Request.
  Time since last request: 0.000471 seconds.
  path: Assets/Imagenes/11_01_2023_22_47_49/Image42anglez0velocity0c3799.png
  artifactKey: Guid(46e2f9f7ede9d504cbf3634918b5abff) Importer(815301076,1909f56bfc062723c751e8b465ee728b)
Start importing Assets/Imagenes/11_01_2023_22_47_49/Image42anglez0velocity0c3799.png using Guid(46e2f9f7ede9d504cbf3634918b5abff) Importer(815301076,1909f56bfc062723c751e8b465ee728b)  -> (artifact id: 'fda14ba2a45a8651ccca8decfa123204') in 0.040976 seconds 
========================================================================
Received Import Request.
  Time since last request: 0.000640 seconds.
  path: Assets/Imagenes/11_01_2023_22_47_49/Image22anglez0velocity0c3748.png
  artifactKey: Guid(e552db9a7110a344f90dd28cd10a4162) Importer(815301076,1909f56bfc062723c751e8b465ee728b)
Start importing Assets/Imagenes/11_01_2023_22_47_49/Image22anglez0velocity0c3748.png using Guid(e552db9a7110a344f90dd28cd10a4162) Importer(815301076,1909f56bfc062723c751e8b465ee728b)  -> (artifact id: '3d8adf0e8806781620699254f7a10ea2') in 0.045679 seconds 
========================================================================
Received Import Request.
  Time since last request: 0.000514 seconds.
  path: Assets/Imagenes/11_01_2023_22_47_49/Image18anglez0velocity0c3683.png
  artifactKey: Guid(983dd36732f01904e9c96e8aaff7127e) Importer(815301076,1909f56bfc062723c751e8b465ee728b)
Start importing Assets/Imagenes/11_01_2023_22_47_49/Image18anglez0velocity0c3683.png using Guid(983dd36732f01904e9c96e8aaff7127e) Importer(815301076,1909f56bfc062723c751e8b465ee728b)  -> (artifact id: '4e04b54da4c3f328c8de8ef4d2760fe5') in 0.038392 seconds 
========================================================================
Received Import Request.
  Time since last request: 0.000627 seconds.
  path: Assets/Imagenes/11_01_2023_22_47_49/Image14anglez0velocity0c3534.png
  artifactKey: Guid(84aa91ee9281aa2448f194ab7881b6a7) Importer(815301076,1909f56bfc062723c751e8b465ee728b)
Start importing Assets/Imagenes/11_01_2023_22_47_49/Image14anglez0velocity0c3534.png using Guid(84aa91ee9281aa2448f194ab7881b6a7) Importer(815301076,1909f56bfc062723c751e8b465ee728b)  -> (artifact id: 'ebe49fdcffd3e9b00bbd60532c5b36b8') in 0.047187 seconds 
========================================================================
Received Import Request.
  Time since last request: 0.000549 seconds.
  path: Assets/Imagenes/11_01_2023_22_47_49/Image40anglez0velocity0c3799.png
  artifactKey: Guid(ea34972270c0c2d42a169429dac6c820) Importer(815301076,1909f56bfc062723c751e8b465ee728b)
Start importing Assets/Imagenes/11_01_2023_22_47_49/Image40anglez0velocity0c3799.png using Guid(ea34972270c0c2d42a169429dac6c820) Importer(815301076,1909f56bfc062723c751e8b465ee728b)  -> (artifact id: '77d9f907415fc5fdf9a0a378277d22d9') in 0.049140 seconds 
========================================================================
Received Import Request.
  Time since last request: 0.000864 seconds.
  path: Assets/Imagenes/11_01_2023_22_47_49/Image13anglez0velocity0c3474.png
  artifactKey: Guid(c3a69582514a4884ab7f4ca77c1c36fe) Importer(815301076,1909f56bfc062723c751e8b465ee728b)
Start importing Assets/Imagenes/11_01_2023_22_47_49/Image13anglez0velocity0c3474.png using Guid(c3a69582514a4884ab7f4ca77c1c36fe) Importer(815301076,1909f56bfc062723c751e8b465ee728b)  -> (artifact id: '9c4083125d2bd4a1c5ca81bd61ffa727') in 0.049970 seconds 
========================================================================
Received Import Request.
  Time since last request: 0.000728 seconds.
  path: Assets/Imagenes/11_01_2023_22_47_49/Image15anglez0velocity0c3583.png
  artifactKey: Guid(4bc1825bf3a628f468238db16308b373) Importer(815301076,1909f56bfc062723c751e8b465ee728b)
Start importing Assets/Imagenes/11_01_2023_22_47_49/Image15anglez0velocity0c3583.png using Guid(4bc1825bf3a628f468238db16308b373) Importer(815301076,1909f56bfc062723c751e8b465ee728b)  -> (artifact id: '704287e63d98aa4b5ec8a638f8c4affa') in 0.047018 seconds 
========================================================================
Received Import Request.
  Time since last request: 0.000562 seconds.
  path: Assets/Imagenes/11_01_2023_22_47_49/Image34anglez0velocity0c3796.png
  artifactKey: Guid(949cf04112e91f54e9d02b6455b6dbd3) Importer(815301076,1909f56bfc062723c751e8b465ee728b)
Start importing Assets/Imagenes/11_01_2023_22_47_49/Image34anglez0velocity0c3796.png using Guid(949cf04112e91f54e9d02b6455b6dbd3) Importer(815301076,1909f56bfc062723c751e8b465ee728b)  -> (artifact id: 'a3150c75787ca9b497148c8c085a7ae1') in 0.055853 seconds 
========================================================================
Received Import Request.
  Time since last request: 0.000518 seconds.
  path: Assets/Imagenes/11_01_2023_22_47_49/Image33anglez0velocity0c3795.png
  artifactKey: Guid(6ef9ee8b5a7261045a691e73148bb906) Importer(815301076,1909f56bfc062723c751e8b465ee728b)
Start importing Assets/Imagenes/11_01_2023_22_47_49/Image33anglez0velocity0c3795.png using Guid(6ef9ee8b5a7261045a691e73148bb906) Importer(815301076,1909f56bfc062723c751e8b465ee728b)  -> (artifact id: '66f42343f931848b194ff6b9b93469c9') in 0.042878 seconds 
========================================================================
Received Import Request.
  Time since last request: 0.000536 seconds.
  path: Assets/Imagenes/11_01_2023_22_47_49/Image48anglez0velocity0c38.png
  artifactKey: Guid(9c2d73edb4c53494ca6119f6c9f57468) Importer(815301076,1909f56bfc062723c751e8b465ee728b)
Start importing Assets/Imagenes/11_01_2023_22_47_49/Image48anglez0velocity0c38.png using Guid(9c2d73edb4c53494ca6119f6c9f57468) Importer(815301076,1909f56bfc062723c751e8b465ee728b)  -> (artifact id: '4fac7edddb131453e8f0623a5145f232') in 0.064676 seconds 
========================================================================
Received Import Request.
  Time since last request: 0.000770 seconds.
  path: Assets/Imagenes/11_01_2023_22_47_49/Image11anglez0velocity0c331.png
  artifactKey: Guid(2de19498dfc60e745bfc04a053ce4b8f) Importer(815301076,1909f56bfc062723c751e8b465ee728b)
Start importing Assets/Imagenes/11_01_2023_22_47_49/Image11anglez0velocity0c331.png using Guid(2de19498dfc60e745bfc04a053ce4b8f) Importer(815301076,1909f56bfc062723c751e8b465ee728b)  -> (artifact id: '5dba620a38aacffcd9e4ad2ca7557f60') in 0.065789 seconds 
========================================================================
Received Import Request.
  Time since last request: 0.000799 seconds.
  path: Assets/Imagenes/11_01_2023_22_47_49/Image4anglez0velocity0c1753.png
  artifactKey: Guid(b7500fa59ad03af419450a3ec3fb9dc2) Importer(815301076,1909f56bfc062723c751e8b465ee728b)
Start importing Assets/Imagenes/11_01_2023_22_47_49/Image4anglez0velocity0c1753.png using Guid(b7500fa59ad03af419450a3ec3fb9dc2) Importer(815301076,1909f56bfc062723c751e8b465ee728b)  -> (artifact id: '8c4dd9806be3e5c432689199727ce855') in 0.046384 seconds 
========================================================================
Received Import Request.
  Time since last request: 0.000495 seconds.
  path: Assets/Imagenes/11_01_2023_22_47_49/Image32anglez0velocity0c3794.png
  artifactKey: Guid(77d78da2c9dddd44cb284082b9b96ca5) Importer(815301076,1909f56bfc062723c751e8b465ee728b)
Start importing Assets/Imagenes/11_01_2023_22_47_49/Image32anglez0velocity0c3794.png using Guid(77d78da2c9dddd44cb284082b9b96ca5) Importer(815301076,1909f56bfc062723c751e8b465ee728b)  -> (artifact id: '01daafb40f8e7af45126c2b121cbfb22') in 0.053170 seconds 
========================================================================
Received Import Request.
  Time since last request: 0.000671 seconds.
  path: Assets/Imagenes/11_01_2023_22_47_49/Image19anglez0velocity0c3704.png
  artifactKey: Guid(bb5aa415c6ceca64bbe7c3ce588d92af) Importer(815301076,1909f56bfc062723c751e8b465ee728b)
Start importing Assets/Imagenes/11_01_2023_22_47_49/Image19anglez0velocity0c3704.png using Guid(bb5aa415c6ceca64bbe7c3ce588d92af) Importer(815301076,1909f56bfc062723c751e8b465ee728b)  -> (artifact id: '79d8bab3ccfaec6e0cbe0f34a0be7b45') in 0.073372 seconds 
========================================================================
Received Import Request.
  Time since last request: 0.000538 seconds.
  path: Assets/Imagenes/11_01_2023_22_47_49/Image43anglez0velocity0c38.png
  artifactKey: Guid(f63c002b0cf72b54297570c8285794cf) Importer(815301076,1909f56bfc062723c751e8b465ee728b)
Start importing Assets/Imagenes/11_01_2023_22_47_49/Image43anglez0velocity0c38.png using Guid(f63c002b0cf72b54297570c8285794cf) Importer(815301076,1909f56bfc062723c751e8b465ee728b)  -> (artifact id: '0bd4e7c2fe8242de3cfc8237b36e51ab') in 0.061121 seconds 
========================================================================
Received Import Request.
  Time since last request: 0.000553 seconds.
  path: Assets/Imagenes/11_01_2023_22_47_49/Image2anglez0velocity0c072.png
  artifactKey: Guid(358909f2089a83b4a8babf0e7eb45c58) Importer(815301076,1909f56bfc062723c751e8b465ee728b)
Start importing Assets/Imagenes/11_01_2023_22_47_49/Image2anglez0velocity0c072.png using Guid(358909f2089a83b4a8babf0e7eb45c58) Importer(815301076,1909f56bfc062723c751e8b465ee728b)  -> (artifact id: '9538fa1357fef2942909fb378338f6bd') in 0.053806 seconds 
========================================================================
Received Import Request.
  Time since last request: 0.000753 seconds.
  path: Assets/Imagenes/11_01_2023_22_47_49/Image3anglez0velocity0c1289.png
  artifactKey: Guid(ac03a6973186b624b87ac2ee1e61da1c) Importer(815301076,1909f56bfc062723c751e8b465ee728b)
Start importing Assets/Imagenes/11_01_2023_22_47_49/Image3anglez0velocity0c1289.png using Guid(ac03a6973186b624b87ac2ee1e61da1c) Importer(815301076,1909f56bfc062723c751e8b465ee728b)  -> (artifact id: 'f4e0599ff86d788992e910175077b3e7') in 0.062680 seconds 
========================================================================
Received Import Request.
  Time since last request: 0.000572 seconds.
  path: Assets/Imagenes/11_01_2023_22_47_49/Image9anglez0velocity0c3062.png
  artifactKey: Guid(784c23ae180e2ee47918ecc908615f8a) Importer(815301076,1909f56bfc062723c751e8b465ee728b)
Start importing Assets/Imagenes/11_01_2023_22_47_49/Image9anglez0velocity0c3062.png using Guid(784c23ae180e2ee47918ecc908615f8a) Importer(815301076,1909f56bfc062723c751e8b465ee728b)  -> (artifact id: '7bc85f4b5fef694cdaacd466a20839a4') in 0.053612 seconds 
========================================================================
Received Import Request.
  Time since last request: 0.000521 seconds.
  path: Assets/Imagenes/11_01_2023_22_47_49/Image41anglez0velocity0c3799.png
  artifactKey: Guid(5e5db96b1505c834eb09fae98e0bdf77) Importer(815301076,1909f56bfc062723c751e8b465ee728b)
Start importing Assets/Imagenes/11_01_2023_22_47_49/Image41anglez0velocity0c3799.png using Guid(5e5db96b1505c834eb09fae98e0bdf77) Importer(815301076,1909f56bfc062723c751e8b465ee728b)  -> (artifact id: '4716e301d20e203df025cdd4a7926284') in 0.051724 seconds 
========================================================================
Received Import Request.
  Time since last request: 0.000617 seconds.
  path: Assets/Imagenes/11_01_2023_22_47_49/Image26anglez0velocity0c3777.png
  artifactKey: Guid(b214d51660143f946a9954e1df6cf222) Importer(815301076,1909f56bfc062723c751e8b465ee728b)
Start importing Assets/Imagenes/11_01_2023_22_47_49/Image26anglez0velocity0c3777.png using Guid(b214d51660143f946a9954e1df6cf222) Importer(815301076,1909f56bfc062723c751e8b465ee728b)  -> (artifact id: '713432fae46ae1cf1d6dcd6de1da2ae3') in 0.044890 seconds 
========================================================================
Received Import Request.
  Time since last request: 0.000472 seconds.
  path: Assets/Imagenes/11_01_2023_22_47_49
  artifactKey: Guid(0012f1422f4f10a41b44afe13e826c06) Importer(815301076,1909f56bfc062723c751e8b465ee728b)
Start importing Assets/Imagenes/11_01_2023_22_47_49 using Guid(0012f1422f4f10a41b44afe13e826c06) Importer(815301076,1909f56bfc062723c751e8b465ee728b)  -> (artifact id: '19aebbe98eaf3dbea0b9ce7733bf0d5a') in 0.017240 seconds 
========================================================================
Received Import Request.
  Time since last request: 0.000750 seconds.
  path: Assets/Imagenes/11_01_2023_22_47_49/Image16anglez0velocity0c3623.png
  artifactKey: Guid(94668e4b953be5f41b7952eb4e53a104) Importer(815301076,1909f56bfc062723c751e8b465ee728b)
Start importing Assets/Imagenes/11_01_2023_22_47_49/Image16anglez0velocity0c3623.png using Guid(94668e4b953be5f41b7952eb4e53a104) Importer(815301076,1909f56bfc062723c751e8b465ee728b)  -> (artifact id: 'ca9fa30879f52ae12de2b4c4fda21e28') in 0.058580 seconds 
========================================================================
Received Import Request.
  Time since last request: 0.000581 seconds.
  path: Assets/Imagenes/11_01_2023_22_47_49/Image17anglez0velocity0c3656.png
  artifactKey: Guid(942729f6035d934408cd3878ca9415c8) Importer(815301076,1909f56bfc062723c751e8b465ee728b)
Start importing Assets/Imagenes/11_01_2023_22_47_49/Image17anglez0velocity0c3656.png using Guid(942729f6035d934408cd3878ca9415c8) Importer(815301076,1909f56bfc062723c751e8b465ee728b)  -> (artifact id: '6c4aceddb755d56abab1048f1ac2634f') in 0.058765 seconds 
========================================================================
Received Import Request.
  Time since last request: 0.000669 seconds.
  path: Assets/Imagenes/11_01_2023_22_47_49/Image46anglez0velocity0c38.png
  artifactKey: Guid(288cbe7ac2a169b4298e0a7a07866902) Importer(815301076,1909f56bfc062723c751e8b465ee728b)
Start importing Assets/Imagenes/11_01_2023_22_47_49/Image46anglez0velocity0c38.png using Guid(288cbe7ac2a169b4298e0a7a07866902) Importer(815301076,1909f56bfc062723c751e8b465ee728b)  -> (artifact id: 'adc78ff3ebb2e101732a02fda01172d4') in 0.105621 seconds 
========================================================================
Received Import Request.
  Time since last request: 0.000517 seconds.
  path: Assets/Imagenes/11_01_2023_22_47_49/Image1anglez0velocity0c0356.png
  artifactKey: Guid(1dda9d1122c0a5e4ebf6f12d3a31cb30) Importer(815301076,1909f56bfc062723c751e8b465ee728b)
Start importing Assets/Imagenes/11_01_2023_22_47_49/Image1anglez0velocity0c0356.png using Guid(1dda9d1122c0a5e4ebf6f12d3a31cb30) Importer(815301076,1909f56bfc062723c751e8b465ee728b)  -> (artifact id: 'bb14fe3f0d82f612204bf5b05b99a15f') in 0.075661 seconds 
========================================================================
Received Import Request.
  Time since last request: 0.000948 seconds.
  path: Assets/Imagenes/11_01_2023_22_47_49/Image29anglez0velocity0c3788.png
  artifactKey: Guid(169ae6c4f35611442ba17e121e8d1a43) Importer(815301076,1909f56bfc062723c751e8b465ee728b)
Start importing Assets/Imagenes/11_01_2023_22_47_49/Image29anglez0velocity0c3788.png using Guid(169ae6c4f35611442ba17e121e8d1a43) Importer(815301076,1909f56bfc062723c751e8b465ee728b)  -> (artifact id: '76f339be4e52bd2ddde42efef5a4997b') in 0.152393 seconds 
========================================================================
Received Import Request.
  Time since last request: 0.000769 seconds.
  path: Assets/Imagenes/11_01_2023_22_47_49/Image28anglez0velocity0c3785.png
  artifactKey: Guid(7ac34f06aa340734997d90d932a24d74) Importer(815301076,1909f56bfc062723c751e8b465ee728b)
Start importing Assets/Imagenes/11_01_2023_22_47_49/Image28anglez0velocity0c3785.png using Guid(7ac34f06aa340734997d90d932a24d74) Importer(815301076,1909f56bfc062723c751e8b465ee728b)  -> (artifact id: '1c783217a06c0a03d28abdc4d082b6c2') in 0.068810 seconds 
========================================================================
Received Import Request.
  Time since last request: 0.000581 seconds.
  path: Assets/Imagenes/11_01_2023_22_47_49/Image30anglez0velocity0c379.png
  artifactKey: Guid(5d8a78e9262bde84985f8e83ab74a6fb) Importer(815301076,1909f56bfc062723c751e8b465ee728b)
Start importing Assets/Imagenes/11_01_2023_22_47_49/Image30anglez0velocity0c379.png using Guid(5d8a78e9262bde84985f8e83ab74a6fb) Importer(815301076,1909f56bfc062723c751e8b465ee728b)  -> (artifact id: 'ee8602f8cd899c69b3d3b3a3e8ce902f') in 0.086514 seconds 
========================================================================
Received Prepare
Registering precompiled user dll's ...
Registered in 0.009110 seconds.
Begin MonoManager ReloadAssembly
Native extension for WindowsStandalone target not found
Refreshing native plugins compatible for Editor in 1.15 ms, found 2 plugins.
Preloading 0 native plugins for Editor in 0.00 ms.
Mono: successfully reloaded assembly
- Completed reload, in  2.112 seconds
Domain Reload Profiling:
	ReloadAssembly (2113ms)
		BeginReloadAssembly (242ms)
			ExecutionOrderSort (0ms)
			DisableScriptedObjects (12ms)
			BackupInstance (0ms)
			ReleaseScriptingObjects (0ms)
			CreateAndSetChildDomain (71ms)
		EndReloadAssembly (1756ms)
			LoadAssemblies (198ms)
			RebuildTransferFunctionScriptingTraits (0ms)
			SetupTypeCache (635ms)
			ReleaseScriptCaches (3ms)
			RebuildScriptCaches (100ms)
			SetupLoadedEditorAssemblies (621ms)
				LogAssemblyErrors (0ms)
				InitializePlatformSupportModulesInManaged (8ms)
				SetLoadedEditorAssemblies (1ms)
				RefreshPlugins (1ms)
				BeforeProcessingInitializeOnLoad (207ms)
				ProcessInitializeOnLoadAttributes (378ms)
				ProcessInitializeOnLoadMethodAttributes (16ms)
				AfterProcessingInitializeOnLoad (10ms)
				EditorAssembliesLoaded (1ms)
			ExecutionOrderSort2 (0ms)
			AwakeInstancesAfterBackupRestoration (13ms)
Platform modules already initialized, skipping
Refreshing native plugins compatible for Editor in 1.31 ms, found 2 plugins.
Preloading 0 native plugins for Editor in 0.00 ms.
Unloading 3045 Unused Serialized files (Serialized files now loaded: 0)
System memory in use before: 210.5 MB.
System memory in use after: 210.7 MB.

Unloading 12 unused Assets to reduce memory usage. Loaded Objects now: 3594.
Total: 7.935700 ms (FindLiveObjects: 0.673800 ms CreateObjectMapping: 0.513500 ms MarkObjects: 6.693300 ms  DeleteObjects: 0.053300 ms)

AssetImportParameters requested are different than current active one (requested -> active):
  custom:framework-win-MediaFoundation: 216162199b28c13a410421893ffa2e32 -> 
  custom:video-decoder-ogg-theora: a1e56fd34408186e4bbccfd4996cb3dc -> 
  custom:container-muxer-webm: aa71ff27fc2769a1b78a27578f13a17b -> 
  custom:container-demuxer-webm: 4f35f7cbe854078d1ac9338744f61a02 -> 
  custom:container-demuxer-ogg: 62fdf1f143b41e24485cea50d1cbac27 -> 
  custom:video-encoder-webm-vp8: eb34c28f22e8b96e1ab97ce403110664 -> 
  custom:video-decoder-webm-vp8: 9c59270c3fd7afecdb556c50c9e8de78 -> 
  custom:audio-decoder-ogg-vorbis: bf7c407c2cedff20999df2af8eb42d56 -> 
  custom:audio-encoder-webm-vorbis: bf7c407c2cedff20999df2af8eb42d56 -> 
========================================================================
Received Import Request.
  Time since last request: 2545.579993 seconds.
  path: Assets/Imagenes/11_01_2023_23_31_39/Image0anglep0c0003velocity1c6134.png
  artifactKey: Guid(2b2ac775663d7734c987511379575c91) Importer(815301076,1909f56bfc062723c751e8b465ee728b)
Start importing Assets/Imagenes/11_01_2023_23_31_39/Image0anglep0c0003velocity1c6134.png using Guid(2b2ac775663d7734c987511379575c91) Importer(815301076,1909f56bfc062723c751e8b465ee728b)  -> (artifact id: '47f86c79b7aa83f6ba78ec58c39fc82d') in 0.141892 seconds 
========================================================================
Received Import Request.
  Time since last request: 0.000420 seconds.
  path: Assets/Imagenes/11_01_2023_23_31_39/Image2anglep0c0002velocity1c6134.png
  artifactKey: Guid(f219335332434f049826d1abd26fb1bc) Importer(815301076,1909f56bfc062723c751e8b465ee728b)
Start importing Assets/Imagenes/11_01_2023_23_31_39/Image2anglep0c0002velocity1c6134.png using Guid(f219335332434f049826d1abd26fb1bc) Importer(815301076,1909f56bfc062723c751e8b465ee728b)  -> (artifact id: 'fa4c68df16e292477c00ec4f7c0c50b9') in 0.040483 seconds 
========================================================================
Received Import Request.
  Time since last request: 0.000630 seconds.
  path: Assets/Imagenes/11_01_2023_23_31_39/Image4anglen0c1424velocity1c6134.png
  artifactKey: Guid(ada53888c7360354dafa38b4d5f04f5d) Importer(815301076,1909f56bfc062723c751e8b465ee728b)
Start importing Assets/Imagenes/11_01_2023_23_31_39/Image4anglen0c1424velocity1c6134.png using Guid(ada53888c7360354dafa38b4d5f04f5d) Importer(815301076,1909f56bfc062723c751e8b465ee728b)  -> (artifact id: 'c349e7641fb3331b796530b265885bd4') in 0.038574 seconds 
========================================================================
Received Import Request.
  Time since last request: 0.000414 seconds.
  path: Assets/Imagenes/11_01_2023_23_31_39/Image6anglen0c6897velocity1c6137.png
  artifactKey: Guid(648b4191e77fe204b9a29fb321062aac) Importer(815301076,1909f56bfc062723c751e8b465ee728b)
Start importing Assets/Imagenes/11_01_2023_23_31_39/Image6anglen0c6897velocity1c6137.png using Guid(648b4191e77fe204b9a29fb321062aac) Importer(815301076,1909f56bfc062723c751e8b465ee728b)  -> (artifact id: '948c91cf063450ed845b67f92361bed4') in 0.069371 seconds 
========================================================================
Received Import Request.
  Time since last request: 0.000471 seconds.
  path: Assets/Imagenes/11_01_2023_23_31_39/Image1anglep0c0002velocity1c6134.png
  artifactKey: Guid(dafb8fdde2e0b0a40bf8c401a2eb2283) Importer(815301076,1909f56bfc062723c751e8b465ee728b)
Start importing Assets/Imagenes/11_01_2023_23_31_39/Image1anglep0c0002velocity1c6134.png using Guid(dafb8fdde2e0b0a40bf8c401a2eb2283) Importer(815301076,1909f56bfc062723c751e8b465ee728b)  -> (artifact id: '6ec324c6fe99900f6347145b4482f7db') in 0.106381 seconds 
========================================================================
Received Import Request.
  Time since last request: 0.000538 seconds.
  path: Assets/Imagenes/11_01_2023_23_31_39/Image5anglen0c3734velocity1c6135.png
  artifactKey: Guid(6b7ca006e2f1a9544a73cc233496d81a) Importer(815301076,1909f56bfc062723c751e8b465ee728b)
Start importing Assets/Imagenes/11_01_2023_23_31_39/Image5anglen0c3734velocity1c6135.png using Guid(6b7ca006e2f1a9544a73cc233496d81a) Importer(815301076,1909f56bfc062723c751e8b465ee728b)  -> (artifact id: 'c97cf0ba015e932127fb5942a26da358') in 0.030951 seconds 
========================================================================
Received Import Request.
  Time since last request: 0.000433 seconds.
  path: Assets/Imagenes/11_01_2023_23_31_39/Image9anglen0c0376velocity1c6147.png
  artifactKey: Guid(486edb331db58a4419f62762bd4c93a8) Importer(815301076,1909f56bfc062723c751e8b465ee728b)
Start importing Assets/Imagenes/11_01_2023_23_31_39/Image9anglen0c0376velocity1c6147.png using Guid(486edb331db58a4419f62762bd4c93a8) Importer(815301076,1909f56bfc062723c751e8b465ee728b)  -> (artifact id: '6b38cbe8fc97146efeae60c74e3d432a') in 0.051876 seconds 
========================================================================
Received Import Request.
  Time since last request: 0.000376 seconds.
  path: Assets/Imagenes/11_01_2023_23_31_39/Image7anglen0c0565velocity1c614.png
  artifactKey: Guid(4a13d42bf31af9247bea72c06e1497e7) Importer(815301076,1909f56bfc062723c751e8b465ee728b)
Start importing Assets/Imagenes/11_01_2023_23_31_39/Image7anglen0c0565velocity1c614.png using Guid(4a13d42bf31af9247bea72c06e1497e7) Importer(815301076,1909f56bfc062723c751e8b465ee728b)  -> (artifact id: '0d5453e10ee720fca27ef31f25545c0e') in 0.033504 seconds 
========================================================================
Received Import Request.
  Time since last request: 0.000416 seconds.
  path: Assets/Imagenes/11_01_2023_23_31_39/Image11anglen0c025velocity1c6154.png
  artifactKey: Guid(e9f790ff838781447bb8b4f81d30b853) Importer(815301076,1909f56bfc062723c751e8b465ee728b)
Start importing Assets/Imagenes/11_01_2023_23_31_39/Image11anglen0c025velocity1c6154.png using Guid(e9f790ff838781447bb8b4f81d30b853) Importer(815301076,1909f56bfc062723c751e8b465ee728b)  -> (artifact id: '254e91c6509db68df9e8ffed000eacb0') in 0.031426 seconds 
========================================================================
Received Import Request.
  Time since last request: 0.000417 seconds.
  path: Assets/Imagenes/11_01_2023_23_31_39/Image10anglen0c0306velocity1c6151.png
  artifactKey: Guid(2c83818706a8f774c90331af1696a9a7) Importer(815301076,1909f56bfc062723c751e8b465ee728b)
Start importing Assets/Imagenes/11_01_2023_23_31_39/Image10anglen0c0306velocity1c6151.png using Guid(2c83818706a8f774c90331af1696a9a7) Importer(815301076,1909f56bfc062723c751e8b465ee728b)  -> (artifact id: '495e12289e89045c8ad30d59d4653f38') in 0.056108 seconds 
========================================================================
Received Import Request.
  Time since last request: 0.000406 seconds.
  path: Assets/Imagenes/11_01_2023_23_31_39/Image3anglen0c016velocity1c6134.png
  artifactKey: Guid(12ced0eecc0bb9049a7d2ea2be6b079d) Importer(815301076,1909f56bfc062723c751e8b465ee728b)
Start importing Assets/Imagenes/11_01_2023_23_31_39/Image3anglen0c016velocity1c6134.png using Guid(12ced0eecc0bb9049a7d2ea2be6b079d) Importer(815301076,1909f56bfc062723c751e8b465ee728b)  -> (artifact id: '85a35cd66339f78850d488c4840cae43') in 0.048826 seconds 
========================================================================
Received Import Request.
  Time since last request: 0.000752 seconds.
  path: Assets/Imagenes/11_01_2023_23_31_39/Image8anglen0c0461velocity1c6144.png
  artifactKey: Guid(db84c2de5a0dbe04cb14a3ebb2e5d852) Importer(815301076,1909f56bfc062723c751e8b465ee728b)
Start importing Assets/Imagenes/11_01_2023_23_31_39/Image8anglen0c0461velocity1c6144.png using Guid(db84c2de5a0dbe04cb14a3ebb2e5d852) Importer(815301076,1909f56bfc062723c751e8b465ee728b)  -> (artifact id: '243d489ec57e721aef1d3739d783946c') in 0.037789 seconds 
========================================================================
Received Import Request.
  Time since last request: 0.000518 seconds.
  path: Assets/Imagenes/11_01_2023_23_31_39/Image12anglen0c0204velocity1c6157.png
  artifactKey: Guid(e5be03b9f44c4614f83cb34d0eb99d3b) Importer(815301076,1909f56bfc062723c751e8b465ee728b)
Start importing Assets/Imagenes/11_01_2023_23_31_39/Image12anglen0c0204velocity1c6157.png using Guid(e5be03b9f44c4614f83cb34d0eb99d3b) Importer(815301076,1909f56bfc062723c751e8b465ee728b)  -> (artifact id: '711e669ef8855848b0c4bde969edd48d') in 0.033670 seconds 
========================================================================
Received Prepare
Registering precompiled user dll's ...
Registered in 0.011378 seconds.
Begin MonoManager ReloadAssembly
Native extension for WindowsStandalone target not found
Refreshing native plugins compatible for Editor in 1.29 ms, found 2 plugins.
Preloading 0 native plugins for Editor in 0.00 ms.
Mono: successfully reloaded assembly
- Completed reload, in  2.158 seconds
Domain Reload Profiling:
	ReloadAssembly (2160ms)
		BeginReloadAssembly (413ms)
			ExecutionOrderSort (0ms)
			DisableScriptedObjects (18ms)
			BackupInstance (0ms)
			ReleaseScriptingObjects (0ms)
			CreateAndSetChildDomain (176ms)
		EndReloadAssembly (1623ms)
			LoadAssemblies (223ms)
			RebuildTransferFunctionScriptingTraits (0ms)
			SetupTypeCache (636ms)
			ReleaseScriptCaches (2ms)
			RebuildScriptCaches (70ms)
			SetupLoadedEditorAssemblies (569ms)
				LogAssemblyErrors (0ms)
				InitializePlatformSupportModulesInManaged (10ms)
				SetLoadedEditorAssemblies (1ms)
				RefreshPlugins (1ms)
				BeforeProcessingInitializeOnLoad (194ms)
				ProcessInitializeOnLoadAttributes (335ms)
				ProcessInitializeOnLoadMethodAttributes (17ms)
				AfterProcessingInitializeOnLoad (10ms)
				EditorAssembliesLoaded (1ms)
			ExecutionOrderSort2 (0ms)
			AwakeInstancesAfterBackupRestoration (12ms)
Platform modules already initialized, skipping
Refreshing native plugins compatible for Editor in 1.35 ms, found 2 plugins.
Preloading 0 native plugins for Editor in 0.00 ms.
Unloading 3045 Unused Serialized files (Serialized files now loaded: 0)
System memory in use before: 210.6 MB.
System memory in use after: 210.8 MB.

Unloading 12 unused Assets to reduce memory usage. Loaded Objects now: 3596.
Total: 7.271800 ms (FindLiveObjects: 0.491400 ms CreateObjectMapping: 0.327100 ms MarkObjects: 6.405900 ms  DeleteObjects: 0.045800 ms)

AssetImportParameters requested are different than current active one (requested -> active):
  custom:framework-win-MediaFoundation: 216162199b28c13a410421893ffa2e32 -> 
  custom:video-decoder-ogg-theora: a1e56fd34408186e4bbccfd4996cb3dc -> 
  custom:container-muxer-webm: aa71ff27fc2769a1b78a27578f13a17b -> 
  custom:container-demuxer-webm: 4f35f7cbe854078d1ac9338744f61a02 -> 
  custom:container-demuxer-ogg: 62fdf1f143b41e24485cea50d1cbac27 -> 
  custom:video-encoder-webm-vp8: eb34c28f22e8b96e1ab97ce403110664 -> 
  custom:video-decoder-webm-vp8: 9c59270c3fd7afecdb556c50c9e8de78 -> 
  custom:audio-decoder-ogg-vorbis: bf7c407c2cedff20999df2af8eb42d56 -> 
  custom:audio-encoder-webm-vorbis: bf7c407c2cedff20999df2af8eb42d56 -> 
AssetImportWorkerClient::OnTransportError - code=2 error=End of file
