Using pre-set license
Built from '2020.3/staging' branch; Version is '2020.3.30f1 (1fb1bf06830e) revision 2077119'; Using compiler version '192528614'; Build Type 'Release'
OS: 'Windows 11  (10.0.22621) 64bit Professional' Language: 'es' Physical Memory: 16171 MB
BatchMode: 1, IsHumanControllingUs: 0, StartBugReporterOnCrash: 0, Is64bit: 1, IsPro: 0

COMMAND LINE ARGUMENTS:
C:\Program Files\Unity\Hub\Editor\2020.3.30f1\Editor\Unity.exe
-adb2
-batchMode
-noUpm
-name
AssetImportWorker0
-projectPath
E:/Repositorios/Simulation_aquatic/Recogedor_de_basura_acuatico/Robot_acuatico_autonomo
-logFile
Logs/AssetImportWorker0.log
-srvPort
56157
Successfully changed project path to: E:/Repositorios/Simulation_aquatic/Recogedor_de_basura_acuatico/Robot_acuatico_autonomo
E:/Repositorios/Simulation_aquatic/Recogedor_de_basura_acuatico/Robot_acuatico_autonomo
Using Asset Import Pipeline V2.
Refreshing native plugins compatible for Editor in 47.84 ms, found 2 plugins.
Preloading 0 native plugins for Editor in 0.00 ms.
Initialize engine version: 2020.3.30f1 (1fb1bf06830e)
[Subsystems] Discovering subsystems at path C:/Program Files/Unity/Hub/Editor/2020.3.30f1/Editor/Data/Resources/UnitySubsystems
[Subsystems] Discovering subsystems at path E:/Repositorios/Simulation_aquatic/Recogedor_de_basura_acuatico/Robot_acuatico_autonomo/Assets
GfxDevice: creating device client; threaded=0
Direct3D:
    Version:  Direct3D 11.0 [level 11.1]
    Renderer: NVIDIA GeForce GTX 1050 Ti (ID=0x1c82)
    Vendor:   
    VRAM:     4017 MB
    Driver:   31.0.15.3179
Initialize mono
Mono path[0] = 'C:/Program Files/Unity/Hub/Editor/2020.3.30f1/Editor/Data/Managed'
Mono path[1] = 'C:/Program Files/Unity/Hub/Editor/2020.3.30f1/Editor/Data/MonoBleedingEdge/lib/mono/unityjit'
Mono config path = 'C:/Program Files/Unity/Hub/Editor/2020.3.30f1/Editor/Data/MonoBleedingEdge/etc'
Using monoOptions --debugger-agent=transport=dt_socket,embedding=1,server=y,suspend=n,address=127.0.0.1:56272
Begin MonoManager ReloadAssembly
Registering precompiled unity dll's ...
Register platform support module: C:/Program Files/Unity/Hub/Editor/2020.3.30f1/Editor/Data/PlaybackEngines/WindowsStandaloneSupport/UnityEditor.WindowsStandalone.Extensions.dll
Registered in 0.001163 seconds.
Native extension for WindowsStandalone target not found
Refreshing native plugins compatible for Editor in 47.06 ms, found 2 plugins.
Preloading 0 native plugins for Editor in 0.00 ms.
Mono: successfully reloaded assembly
- Completed reload, in  0.432 seconds
Domain Reload Profiling:
	ReloadAssembly (432ms)
		BeginReloadAssembly (47ms)
			ExecutionOrderSort (0ms)
			DisableScriptedObjects (0ms)
			BackupInstance (0ms)
			ReleaseScriptingObjects (0ms)
			CreateAndSetChildDomain (1ms)
		EndReloadAssembly (334ms)
			LoadAssemblies (45ms)
			RebuildTransferFunctionScriptingTraits (0ms)
			SetupTypeCache (99ms)
			ReleaseScriptCaches (0ms)
			RebuildScriptCaches (20ms)
			SetupLoadedEditorAssemblies (143ms)
				LogAssemblyErrors (0ms)
				InitializePlatformSupportModulesInManaged (4ms)
				SetLoadedEditorAssemblies (0ms)
				RefreshPlugins (47ms)
				BeforeProcessingInitializeOnLoad (10ms)
				ProcessInitializeOnLoadAttributes (61ms)
				ProcessInitializeOnLoadMethodAttributes (21ms)
				AfterProcessingInitializeOnLoad (0ms)
				EditorAssembliesLoaded (0ms)
			ExecutionOrderSort2 (0ms)
			AwakeInstancesAfterBackupRestoration (0ms)
Platform modules already initialized, skipping
Registering precompiled user dll's ...
Registered in 0.001769 seconds.
Begin MonoManager ReloadAssembly
Native extension for WindowsStandalone target not found
Refreshing native plugins compatible for Editor in 48.07 ms, found 2 plugins.
Preloading 0 native plugins for Editor in 0.00 ms.
Mono: successfully reloaded assembly
- Completed reload, in  0.840 seconds
Domain Reload Profiling:
	ReloadAssembly (841ms)
		BeginReloadAssembly (108ms)
			ExecutionOrderSort (0ms)
			DisableScriptedObjects (4ms)
			BackupInstance (0ms)
			ReleaseScriptingObjects (0ms)
			CreateAndSetChildDomain (18ms)
		EndReloadAssembly (689ms)
			LoadAssemblies (75ms)
			RebuildTransferFunctionScriptingTraits (0ms)
			SetupTypeCache (222ms)
			ReleaseScriptCaches (0ms)
			RebuildScriptCaches (37ms)
			SetupLoadedEditorAssemblies (280ms)
				LogAssemblyErrors (0ms)
				InitializePlatformSupportModulesInManaged (3ms)
				SetLoadedEditorAssemblies (0ms)
				RefreshPlugins (48ms)
				BeforeProcessingInitializeOnLoad (67ms)
				ProcessInitializeOnLoadAttributes (150ms)
				ProcessInitializeOnLoadMethodAttributes (7ms)
				AfterProcessingInitializeOnLoad (4ms)
				EditorAssembliesLoaded (0ms)
			ExecutionOrderSort2 (0ms)
			AwakeInstancesAfterBackupRestoration (5ms)
Platform modules already initialized, skipping
========================================================================
Worker process is ready to serve import requests
Launched and connected shader compiler UnityShaderCompiler.exe after 0.04 seconds
Refreshing native plugins compatible for Editor in 0.67 ms, found 2 plugins.
Preloading 0 native plugins for Editor in 0.00 ms.
Unloading 3227 Unused Serialized files (Serialized files now loaded: 0)
System memory in use before: 237.6 MB.
System memory in use after: 237.8 MB.

Unloading 17 unused Assets to reduce memory usage. Loaded Objects now: 3704.
Total: 2.777800 ms (FindLiveObjects: 0.254800 ms CreateObjectMapping: 0.073800 ms MarkObjects: 2.360400 ms  DeleteObjects: 0.088100 ms)

AssetImportParameters requested are different than current active one (requested -> active):
  custom:framework-win-MediaFoundation: 216162199b28c13a410421893ffa2e32 -> 
  custom:video-decoder-ogg-theora: a1e56fd34408186e4bbccfd4996cb3dc -> 
  custom:container-muxer-webm: aa71ff27fc2769a1b78a27578f13a17b -> 
  custom:container-demuxer-webm: 4f35f7cbe854078d1ac9338744f61a02 -> 
  custom:container-demuxer-ogg: 62fdf1f143b41e24485cea50d1cbac27 -> 
  custom:video-encoder-webm-vp8: eb34c28f22e8b96e1ab97ce403110664 -> 
  custom:video-codec-MediaFoundation-h265: 746d11721c4dcdbdad8f713fa42b33f4 -> 
  custom:video-decoder-webm-vp8: 9c59270c3fd7afecdb556c50c9e8de78 -> 
  custom:audio-decoder-ogg-vorbis: bf7c407c2cedff20999df2af8eb42d56 -> 
  custom:audio-encoder-webm-vorbis: bf7c407c2cedff20999df2af8eb42d56 -> 
========================================================================
Received Import Request.
  path: Assets/Scenes/Validation.unity
  artifactKey: Guid(9fc0d4010bbf28b4594072e72b8655ab) Importer(815301076,1909f56bfc062723c751e8b465ee728b)
Start importing Assets/Scenes/Validation.unity using Guid(9fc0d4010bbf28b4594072e72b8655ab) Importer(815301076,1909f56bfc062723c751e8b465ee728b)  -> (artifact id: '1f03f7760db2a90bb45b91c6a4878d1e') in 0.016417 seconds 
========================================================================
Received Prepare
Refreshing native plugins compatible for Editor in 2.12 ms, found 2 plugins.
Preloading 0 native plugins for Editor in 0.00 ms.
Unloading 10 Unused Serialized files (Serialized files now loaded: 0)
System memory in use before: 164.8 MB.
System memory in use after: 165.0 MB.

Unloading 10 unused Assets to reduce memory usage. Loaded Objects now: 3704.
Total: 2.929400 ms (FindLiveObjects: 0.268600 ms CreateObjectMapping: 0.077800 ms MarkObjects: 2.570900 ms  DeleteObjects: 0.011700 ms)

AssetImportParameters requested are different than current active one (requested -> active):
  custom:framework-win-MediaFoundation: 216162199b28c13a410421893ffa2e32 -> 
  custom:video-decoder-ogg-theora: a1e56fd34408186e4bbccfd4996cb3dc -> 
  custom:container-muxer-webm: aa71ff27fc2769a1b78a27578f13a17b -> 
  custom:container-demuxer-webm: 4f35f7cbe854078d1ac9338744f61a02 -> 
  custom:container-demuxer-ogg: 62fdf1f143b41e24485cea50d1cbac27 -> 
  custom:video-encoder-webm-vp8: eb34c28f22e8b96e1ab97ce403110664 -> 
  custom:video-codec-MediaFoundation-h265: 746d11721c4dcdbdad8f713fa42b33f4 -> 
  custom:video-decoder-webm-vp8: 9c59270c3fd7afecdb556c50c9e8de78 -> 
  custom:audio-decoder-ogg-vorbis: bf7c407c2cedff20999df2af8eb42d56 -> 
  custom:audio-encoder-webm-vorbis: bf7c407c2cedff20999df2af8eb42d56 -> 
========================================================================
Received Prepare
Registering precompiled user dll's ...
Registered in 0.002038 seconds.
Begin MonoManager ReloadAssembly
Native extension for WindowsStandalone target not found
Refreshing native plugins compatible for Editor in 0.73 ms, found 2 plugins.
Preloading 0 native plugins for Editor in 0.00 ms.
Mono: successfully reloaded assembly
- Completed reload, in  0.851 seconds
Domain Reload Profiling:
	ReloadAssembly (852ms)
		BeginReloadAssembly (108ms)
			ExecutionOrderSort (0ms)
			DisableScriptedObjects (3ms)
			BackupInstance (0ms)
			ReleaseScriptingObjects (0ms)
			CreateAndSetChildDomain (34ms)
		EndReloadAssembly (695ms)
			LoadAssemblies (79ms)
			RebuildTransferFunctionScriptingTraits (0ms)
			SetupTypeCache (244ms)
			ReleaseScriptCaches (1ms)
			RebuildScriptCaches (34ms)
			SetupLoadedEditorAssemblies (270ms)
				LogAssemblyErrors (0ms)
				InitializePlatformSupportModulesInManaged (4ms)
				SetLoadedEditorAssemblies (0ms)
				RefreshPlugins (1ms)
				BeforeProcessingInitializeOnLoad (89ms)
				ProcessInitializeOnLoadAttributes (165ms)
				ProcessInitializeOnLoadMethodAttributes (7ms)
				AfterProcessingInitializeOnLoad (4ms)
				EditorAssembliesLoaded (0ms)
			ExecutionOrderSort2 (0ms)
			AwakeInstancesAfterBackupRestoration (5ms)
Platform modules already initialized, skipping
Refreshing native plugins compatible for Editor in 0.70 ms, found 2 plugins.
Preloading 0 native plugins for Editor in 0.00 ms.
Unloading 3126 Unused Serialized files (Serialized files now loaded: 0)
System memory in use before: 227.9 MB.
System memory in use after: 228.1 MB.

Unloading 12 unused Assets to reduce memory usage. Loaded Objects now: 3706.
Total: 3.348700 ms (FindLiveObjects: 0.272400 ms CreateObjectMapping: 0.155200 ms MarkObjects: 2.896100 ms  DeleteObjects: 0.024200 ms)

AssetImportParameters requested are different than current active one (requested -> active):
  custom:framework-win-MediaFoundation: 216162199b28c13a410421893ffa2e32 -> 
  custom:video-decoder-ogg-theora: a1e56fd34408186e4bbccfd4996cb3dc -> 
  custom:container-muxer-webm: aa71ff27fc2769a1b78a27578f13a17b -> 
  custom:container-demuxer-webm: 4f35f7cbe854078d1ac9338744f61a02 -> 
  custom:container-demuxer-ogg: 62fdf1f143b41e24485cea50d1cbac27 -> 
  custom:video-encoder-webm-vp8: eb34c28f22e8b96e1ab97ce403110664 -> 
  custom:video-codec-MediaFoundation-h265: 746d11721c4dcdbdad8f713fa42b33f4 -> 
  custom:video-decoder-webm-vp8: 9c59270c3fd7afecdb556c50c9e8de78 -> 
  custom:audio-decoder-ogg-vorbis: bf7c407c2cedff20999df2af8eb42d56 -> 
  custom:audio-encoder-webm-vorbis: bf7c407c2cedff20999df2af8eb42d56 -> 
========================================================================
Received Import Request.
  Time since last request: 863.239894 seconds.
  path: Assets/Images/2023_10_02_13_52/empty0.png
  artifactKey: Guid(46391f2b4021a6a4b9f1585a5f266e65) Importer(815301076,1909f56bfc062723c751e8b465ee728b)
Start importing Assets/Images/2023_10_02_13_52/empty0.png using Guid(46391f2b4021a6a4b9f1585a5f266e65) Importer(815301076,1909f56bfc062723c751e8b465ee728b)  -> (artifact id: 'f9167e174ae07c6c6aedef40c1776158') in 0.158569 seconds 
========================================================================
Received Import Request.
  Time since last request: 0.000222 seconds.
  path: Assets/Images/2023_10_02_13_52/empty1.png
  artifactKey: Guid(08a3d341711049a4ba302c7fbe107c6f) Importer(815301076,1909f56bfc062723c751e8b465ee728b)
Start importing Assets/Images/2023_10_02_13_52/empty1.png using Guid(08a3d341711049a4ba302c7fbe107c6f) Importer(815301076,1909f56bfc062723c751e8b465ee728b)  -> (artifact id: '5a72d86e846778fe83033a346a3be3ac') in 0.011095 seconds 
========================================================================
Received Import Request.
  Time since last request: 0.000282 seconds.
  path: Assets/Images/2023_10_02_13_52/empty2.png
  artifactKey: Guid(5d089028bb394604d96c80b417de5f4a) Importer(815301076,1909f56bfc062723c751e8b465ee728b)
Start importing Assets/Images/2023_10_02_13_52/empty2.png using Guid(5d089028bb394604d96c80b417de5f4a) Importer(815301076,1909f56bfc062723c751e8b465ee728b)  -> (artifact id: 'd2ccd948cf9c085520f0a366bf76e9c5') in 0.011395 seconds 
========================================================================
Received Import Request.
  Time since last request: 0.009290 seconds.
  path: Assets/Images/2023_10_02_13_52/empty3.png
  artifactKey: Guid(1bed5a4b51ec657419803343575e599c) Importer(815301076,1909f56bfc062723c751e8b465ee728b)
Start importing Assets/Images/2023_10_02_13_52/empty3.png using Guid(1bed5a4b51ec657419803343575e599c) Importer(815301076,1909f56bfc062723c751e8b465ee728b)  -> (artifact id: '636880a853ac123f76061caee3f7d0db') in 0.016693 seconds 
========================================================================
Received Import Request.
  Time since last request: 0.000271 seconds.
  path: Assets/Images/2023_10_02_13_52/empty4.png
  artifactKey: Guid(2358dac02ec96ff4cb434c1c8a9a2725) Importer(815301076,1909f56bfc062723c751e8b465ee728b)
Start importing Assets/Images/2023_10_02_13_52/empty4.png using Guid(2358dac02ec96ff4cb434c1c8a9a2725) Importer(815301076,1909f56bfc062723c751e8b465ee728b)  -> (artifact id: 'ecf672bc54231c0327185eccb59d8ed7') in 0.015227 seconds 
========================================================================
Received Import Request.
  Time since last request: 3433.970428 seconds.
  path: Assets/Images/2023_10_02_13_52/empty5.png
  artifactKey: Guid(525902926bd880e44bfbf30bc1829f43) Importer(815301076,1909f56bfc062723c751e8b465ee728b)
Start importing Assets/Images/2023_10_02_13_52/empty5.png using Guid(525902926bd880e44bfbf30bc1829f43) Importer(815301076,1909f56bfc062723c751e8b465ee728b)  -> (artifact id: '6b8e0621eb45de23e51bf464382e83fe') in 0.041532 seconds 
========================================================================
Received Import Request.
  Time since last request: 0.000199 seconds.
  path: Assets/Images/2023_10_02_13_52/empty7.png
  artifactKey: Guid(2d1dd60075b6fb947a731454052cd88e) Importer(815301076,1909f56bfc062723c751e8b465ee728b)
Start importing Assets/Images/2023_10_02_13_52/empty7.png using Guid(2d1dd60075b6fb947a731454052cd88e) Importer(815301076,1909f56bfc062723c751e8b465ee728b)  -> (artifact id: '6973c66f16ac1a4d3ea9bd2b970940d1') in 0.010660 seconds 
========================================================================
Received Import Request.
  Time since last request: 0.000176 seconds.
  path: Assets/Images/2023_10_02_13_52/empty6.png
  artifactKey: Guid(a3c4a8ae40746b9439f381ba7b2c08ac) Importer(815301076,1909f56bfc062723c751e8b465ee728b)
Start importing Assets/Images/2023_10_02_13_52/empty6.png using Guid(a3c4a8ae40746b9439f381ba7b2c08ac) Importer(815301076,1909f56bfc062723c751e8b465ee728b)  -> (artifact id: 'd845e00a53855b59599d1adb0f6a19ea') in 0.010275 seconds 
========================================================================
Received Import Request.
  Time since last request: 0.184160 seconds.
  path: Assets/Images/2023_10_02_13_52/empty8.png
  artifactKey: Guid(b75b2883d268ee54ab284f78c05edd4d) Importer(815301076,1909f56bfc062723c751e8b465ee728b)
Start importing Assets/Images/2023_10_02_13_52/empty8.png using Guid(b75b2883d268ee54ab284f78c05edd4d) Importer(815301076,1909f56bfc062723c751e8b465ee728b)  -> (artifact id: 'f96540e051211f148842019e649ba1fd') in 0.016112 seconds 
========================================================================
Received Import Request.
  Time since last request: 0.263902 seconds.
  path: Assets/Images/2023_10_02_13_52/empty9.png
  artifactKey: Guid(be458ef1896803e4ea3d6b18a138545d) Importer(815301076,1909f56bfc062723c751e8b465ee728b)
Start importing Assets/Images/2023_10_02_13_52/empty9.png using Guid(be458ef1896803e4ea3d6b18a138545d) Importer(815301076,1909f56bfc062723c751e8b465ee728b)  -> (artifact id: 'd5fc4b6ff0f89477e9101610bbb1eac6') in 0.010207 seconds 
========================================================================
Received Import Request.
  Time since last request: 0.000163 seconds.
  path: Assets/Images/2023_10_02_13_52/empty10.png
  artifactKey: Guid(86701eda646db63489adf79b680c1f16) Importer(815301076,1909f56bfc062723c751e8b465ee728b)
Start importing Assets/Images/2023_10_02_13_52/empty10.png using Guid(86701eda646db63489adf79b680c1f16) Importer(815301076,1909f56bfc062723c751e8b465ee728b)  -> (artifact id: 'a846f65542ac02b671ee5e84c58b4617') in 0.027209 seconds 
========================================================================
Received Import Request.
  Time since last request: 0.000213 seconds.
  path: Assets/Images/2023_10_02_13_52/empty11.png
  artifactKey: Guid(a9fb037150db53d4c9939a0b8a35e60a) Importer(815301076,1909f56bfc062723c751e8b465ee728b)
Start importing Assets/Images/2023_10_02_13_52/empty11.png using Guid(a9fb037150db53d4c9939a0b8a35e60a) Importer(815301076,1909f56bfc062723c751e8b465ee728b)  -> (artifact id: 'bff937d467981e39aa9fd5db7d2f0649') in 0.010277 seconds 
========================================================================
Received Import Request.
  Time since last request: 0.188266 seconds.
  path: Assets/Images/2023_10_02_13_52/empty12.png
  artifactKey: Guid(726da820203e5684ebc1aa8dc3ae748e) Importer(815301076,1909f56bfc062723c751e8b465ee728b)
Start importing Assets/Images/2023_10_02_13_52/empty12.png using Guid(726da820203e5684ebc1aa8dc3ae748e) Importer(815301076,1909f56bfc062723c751e8b465ee728b)  -> (artifact id: '7d308b375a34f198113e7d83937f677c') in 0.016436 seconds 
========================================================================
Received Import Request.
  Time since last request: 0.119715 seconds.
  path: Assets/Images/2023_10_02_13_52/empty13.png
  artifactKey: Guid(41791819321436241a31260bfd474439) Importer(815301076,1909f56bfc062723c751e8b465ee728b)
Start importing Assets/Images/2023_10_02_13_52/empty13.png using Guid(41791819321436241a31260bfd474439) Importer(815301076,1909f56bfc062723c751e8b465ee728b)  -> (artifact id: '5c1b0b7ae37148184938a2fd4b99aa85') in 0.017350 seconds 
========================================================================
Received Import Request.
  Time since last request: 0.079676 seconds.
  path: Assets/Images/2023_10_02_13_52/empty14.png
  artifactKey: Guid(62529fe53cde61942ac5c07f16ca2742) Importer(815301076,1909f56bfc062723c751e8b465ee728b)
Start importing Assets/Images/2023_10_02_13_52/empty14.png using Guid(62529fe53cde61942ac5c07f16ca2742) Importer(815301076,1909f56bfc062723c751e8b465ee728b)  -> (artifact id: '1c5a550c0bbeb8a46833e9f44761d6f8') in 0.009243 seconds 
========================================================================
Received Import Request.
  Time since last request: 0.000182 seconds.
  path: Assets/Images/2023_10_02_13_52/empty15.png
  artifactKey: Guid(e48c386440bbb8740863b0672785cb67) Importer(815301076,1909f56bfc062723c751e8b465ee728b)
Start importing Assets/Images/2023_10_02_13_52/empty15.png using Guid(e48c386440bbb8740863b0672785cb67) Importer(815301076,1909f56bfc062723c751e8b465ee728b)  -> (artifact id: 'd2f73b75d186e4a80558dbb7039d02cf') in 0.029034 seconds 
========================================================================
Received Import Request.
  Time since last request: 0.237008 seconds.
  path: Assets/Images/2023_10_02_13_52/empty16.png
  artifactKey: Guid(d970e31b009297040a16d31f6936c5e0) Importer(815301076,1909f56bfc062723c751e8b465ee728b)
Start importing Assets/Images/2023_10_02_13_52/empty16.png using Guid(d970e31b009297040a16d31f6936c5e0) Importer(815301076,1909f56bfc062723c751e8b465ee728b)  -> (artifact id: '57dc5b79d7f66efb3edab75c7019c6d8') in 0.016717 seconds 
========================================================================
Received Import Request.
  Time since last request: 0.000158 seconds.
  path: Assets/Images/2023_10_02_13_52/empty17.png
  artifactKey: Guid(e5758fb861e15064ab097192d670eccd) Importer(815301076,1909f56bfc062723c751e8b465ee728b)
Start importing Assets/Images/2023_10_02_13_52/empty17.png using Guid(e5758fb861e15064ab097192d670eccd) Importer(815301076,1909f56bfc062723c751e8b465ee728b)  -> (artifact id: '101d1a72f859f0e3646e636d0d0719ae') in 0.009894 seconds 
========================================================================
Received Import Request.
  Time since last request: 0.105621 seconds.
  path: Assets/Images/2023_10_02_13_52/empty18.png
  artifactKey: Guid(a99bf40e49e8d6e49a91c6a6e7e933a1) Importer(815301076,1909f56bfc062723c751e8b465ee728b)
Start importing Assets/Images/2023_10_02_13_52/empty18.png using Guid(a99bf40e49e8d6e49a91c6a6e7e933a1) Importer(815301076,1909f56bfc062723c751e8b465ee728b)  -> (artifact id: '63fd5fa51eea9cc1c12f2dcd57119b1a') in 0.016665 seconds 
========================================================================
Received Import Request.
  Time since last request: 0.125627 seconds.
  path: Assets/Images/2023_10_02_13_52/empty19.png
  artifactKey: Guid(abb42aed9947c244fab12393c2e8bc1c) Importer(815301076,1909f56bfc062723c751e8b465ee728b)
Start importing Assets/Images/2023_10_02_13_52/empty19.png using Guid(abb42aed9947c244fab12393c2e8bc1c) Importer(815301076,1909f56bfc062723c751e8b465ee728b)  -> (artifact id: 'fb663ba06c4c57331fb0429e45ed563a') in 0.016689 seconds 
========================================================================
Received Import Request.
  Time since last request: 0.001220 seconds.
  path: Assets/Images/2023_10_02_13_52/empty20.png
  artifactKey: Guid(548b1aebae9404b478b530de97cc2ff1) Importer(815301076,1909f56bfc062723c751e8b465ee728b)
Start importing Assets/Images/2023_10_02_13_52/empty20.png using Guid(548b1aebae9404b478b530de97cc2ff1) Importer(815301076,1909f56bfc062723c751e8b465ee728b)  -> (artifact id: '5895eede2cca37b615cd229113a5e402') in 0.012297 seconds 
========================================================================
Received Import Request.
  Time since last request: 66.919845 seconds.
  path: Assets/Images/2023_10_02_13_52
  artifactKey: Guid(a6d90baf6e59ce447aeea83b74c61ac6) Importer(815301076,1909f56bfc062723c751e8b465ee728b)
Start importing Assets/Images/2023_10_02_13_52 using Guid(a6d90baf6e59ce447aeea83b74c61ac6) Importer(815301076,1909f56bfc062723c751e8b465ee728b)  -> (artifact id: 'c58d41cd2d314a1e953d741fa1c37438') in 0.005588 seconds 
========================================================================
Received Import Request.
  Time since last request: 3.531547 seconds.
  path: Assets/Images/2023_10_02_13_52/empty60.png
  artifactKey: Guid(8fb4dd546e6f39d47bf1fb675f7b1cf0) Importer(815301076,1909f56bfc062723c751e8b465ee728b)
Start importing Assets/Images/2023_10_02_13_52/empty60.png using Guid(8fb4dd546e6f39d47bf1fb675f7b1cf0) Importer(815301076,1909f56bfc062723c751e8b465ee728b)  -> (artifact id: 'f6f31a0033462ec3af0e39e488a8b683') in 0.013113 seconds 
========================================================================
Received Import Request.
  Time since last request: 0.000155 seconds.
  path: Assets/Images/2023_10_02_13_52/empty64.png
  artifactKey: Guid(16aa8da1cd8bff243b7e6c96f2275e3c) Importer(815301076,1909f56bfc062723c751e8b465ee728b)
Start importing Assets/Images/2023_10_02_13_52/empty64.png using Guid(16aa8da1cd8bff243b7e6c96f2275e3c) Importer(815301076,1909f56bfc062723c751e8b465ee728b)  -> (artifact id: '5b6f654c2ca3f1350b6cbaf021523d09') in 0.026282 seconds 
========================================================================
Received Import Request.
  Time since last request: 0.000183 seconds.
  path: Assets/Images/2023_10_02_13_52/empty62.png
  artifactKey: Guid(7563fc0453f48f14bbc6552d199a687f) Importer(815301076,1909f56bfc062723c751e8b465ee728b)
Start importing Assets/Images/2023_10_02_13_52/empty62.png using Guid(7563fc0453f48f14bbc6552d199a687f) Importer(815301076,1909f56bfc062723c751e8b465ee728b)  -> (artifact id: '75e9696385bfc94b18b1e1f8267221d8') in 0.014407 seconds 
========================================================================
Received Import Request.
  Time since last request: 0.000211 seconds.
  path: Assets/Images/2023_10_02_13_52/empty63.png
  artifactKey: Guid(496a22caa44f78c4d8a93da4839a2b17) Importer(815301076,1909f56bfc062723c751e8b465ee728b)
Start importing Assets/Images/2023_10_02_13_52/empty63.png using Guid(496a22caa44f78c4d8a93da4839a2b17) Importer(815301076,1909f56bfc062723c751e8b465ee728b)  -> (artifact id: '2d050eb56aacfa67d9344579073409d4') in 0.011134 seconds 
========================================================================
Received Import Request.
  Time since last request: 0.000201 seconds.
  path: Assets/Images/2023_10_02_13_52/empty61.png
  artifactKey: Guid(5e02515c05008064a9ec0a33d4d20c5b) Importer(815301076,1909f56bfc062723c751e8b465ee728b)
Start importing Assets/Images/2023_10_02_13_52/empty61.png using Guid(5e02515c05008064a9ec0a33d4d20c5b) Importer(815301076,1909f56bfc062723c751e8b465ee728b)  -> (artifact id: '890b49b472aaca6ff57c25a4d96696fe') in 0.011545 seconds 
========================================================================
Received Import Request.
  Time since last request: 0.027889 seconds.
  path: Assets/Images/2023_10_02_13_52/empty120.png
  artifactKey: Guid(68a0185b6669b714abb999bf8e5f15f1) Importer(815301076,1909f56bfc062723c751e8b465ee728b)
Start importing Assets/Images/2023_10_02_13_52/empty120.png using Guid(68a0185b6669b714abb999bf8e5f15f1) Importer(815301076,1909f56bfc062723c751e8b465ee728b)  -> (artifact id: 'a104bd1601e7848d4a04bd361a4ea10a') in 0.012631 seconds 
========================================================================
Received Import Request.
  Time since last request: 0.000216 seconds.
  path: Assets/Images/2023_10_02_13_52/empty122.png
  artifactKey: Guid(5a063f6d678f3cc44a200bf727bd797a) Importer(815301076,1909f56bfc062723c751e8b465ee728b)
Start importing Assets/Images/2023_10_02_13_52/empty122.png using Guid(5a063f6d678f3cc44a200bf727bd797a) Importer(815301076,1909f56bfc062723c751e8b465ee728b)  -> (artifact id: '7dc89cc04dd89578974853b78c895944') in 0.030305 seconds 
========================================================================
Received Import Request.
  Time since last request: 0.000251 seconds.
  path: Assets/Images/2023_10_02_13_52/empty124.png
  artifactKey: Guid(aff600e914dea964081a9a2366f291e7) Importer(815301076,1909f56bfc062723c751e8b465ee728b)
Start importing Assets/Images/2023_10_02_13_52/empty124.png using Guid(aff600e914dea964081a9a2366f291e7) Importer(815301076,1909f56bfc062723c751e8b465ee728b)  -> (artifact id: 'f6dc088eb15ce79d4ac86b8af488ab57') in 0.012729 seconds 
========================================================================
Received Import Request.
  Time since last request: 0.000211 seconds.
  path: Assets/Images/2023_10_02_13_52/empty121.png
  artifactKey: Guid(8aeea5171ef58db48845feb5a0d5893d) Importer(815301076,1909f56bfc062723c751e8b465ee728b)
Start importing Assets/Images/2023_10_02_13_52/empty121.png using Guid(8aeea5171ef58db48845feb5a0d5893d) Importer(815301076,1909f56bfc062723c751e8b465ee728b)  -> (artifact id: '59ca5786fd348d6795e1cd9a240edcc0') in 0.013325 seconds 
========================================================================
Received Import Request.
  Time since last request: 0.000238 seconds.
  path: Assets/Images/2023_10_02_13_52/empty123.png
  artifactKey: Guid(0a9de96fdea69cb40b946968ccc828ee) Importer(815301076,1909f56bfc062723c751e8b465ee728b)
Start importing Assets/Images/2023_10_02_13_52/empty123.png using Guid(0a9de96fdea69cb40b946968ccc828ee) Importer(815301076,1909f56bfc062723c751e8b465ee728b)  -> (artifact id: 'ebf1a8a671ea9be74109513db911ef8c') in 0.013369 seconds 
========================================================================
Received Import Request.
  Time since last request: 0.040592 seconds.
  path: Assets/Images/2023_10_02_13_52/empty184.png
  artifactKey: Guid(b45e2c24e03dcd44b97d6f771030182e) Importer(815301076,1909f56bfc062723c751e8b465ee728b)
Start importing Assets/Images/2023_10_02_13_52/empty184.png using Guid(b45e2c24e03dcd44b97d6f771030182e) Importer(815301076,1909f56bfc062723c751e8b465ee728b)  -> (artifact id: '8d923d766c7007e2350088cfc272b33d') in 0.017117 seconds 
========================================================================
Received Import Request.
  Time since last request: 0.000272 seconds.
  path: Assets/Images/2023_10_02_13_52/empty187.png
  artifactKey: Guid(3bc05071a62bd214fb4d0f7d7b7dba74) Importer(815301076,1909f56bfc062723c751e8b465ee728b)
Start importing Assets/Images/2023_10_02_13_52/empty187.png using Guid(3bc05071a62bd214fb4d0f7d7b7dba74) Importer(815301076,1909f56bfc062723c751e8b465ee728b)  -> (artifact id: 'f4e4f9bab7a41b915d0a9c8a4233f156') in 0.010823 seconds 
========================================================================
Received Import Request.
  Time since last request: 0.000496 seconds.
  path: Assets/Images/2023_10_02_13_52/empty188.png
  artifactKey: Guid(6690f9b957bc4b84790f7ab5c1bb23cb) Importer(815301076,1909f56bfc062723c751e8b465ee728b)
Start importing Assets/Images/2023_10_02_13_52/empty188.png using Guid(6690f9b957bc4b84790f7ab5c1bb23cb) Importer(815301076,1909f56bfc062723c751e8b465ee728b)  -> (artifact id: '6bda27a1e780dcc2824053917cf61e63') in 0.011293 seconds 
========================================================================
Received Import Request.
  Time since last request: 0.000251 seconds.
  path: Assets/Images/2023_10_02_13_52/empty186.png
  artifactKey: Guid(214e68b06ac6bd149bf0e0e9706d435a) Importer(815301076,1909f56bfc062723c751e8b465ee728b)
Start importing Assets/Images/2023_10_02_13_52/empty186.png using Guid(214e68b06ac6bd149bf0e0e9706d435a) Importer(815301076,1909f56bfc062723c751e8b465ee728b)  -> (artifact id: '53f3bd1dd6a339c6d17b16a7ade99cee') in 0.011064 seconds 
========================================================================
Received Import Request.
  Time since last request: 0.000343 seconds.
  path: Assets/Images/2023_10_02_13_52/empty185.png
  artifactKey: Guid(4702844629c89e84e860bef93346615d) Importer(815301076,1909f56bfc062723c751e8b465ee728b)
Start importing Assets/Images/2023_10_02_13_52/empty185.png using Guid(4702844629c89e84e860bef93346615d) Importer(815301076,1909f56bfc062723c751e8b465ee728b)  -> (artifact id: '5b30d76c0b55452fd64278ea66f202ea') in 0.012734 seconds 
========================================================================
Received Import Request.
  Time since last request: 0.050121 seconds.
  path: Assets/Images/2023_10_02_13_52/empty219.png
  artifactKey: Guid(c8b2d9f65961e72479b5ae41a7358deb) Importer(815301076,1909f56bfc062723c751e8b465ee728b)
Start importing Assets/Images/2023_10_02_13_52/empty219.png using Guid(c8b2d9f65961e72479b5ae41a7358deb) Importer(815301076,1909f56bfc062723c751e8b465ee728b)  -> (artifact id: '714338e563b385b94a9d25b87bf7f3d9') in 0.015816 seconds 
========================================================================
Received Import Request.
  Time since last request: 0.000158 seconds.
  path: Assets/Images/2023_10_02_13_52/empty223.png
  artifactKey: Guid(1418d44559f46c24fad0f7cec1694760) Importer(815301076,1909f56bfc062723c751e8b465ee728b)
Start importing Assets/Images/2023_10_02_13_52/empty223.png using Guid(1418d44559f46c24fad0f7cec1694760) Importer(815301076,1909f56bfc062723c751e8b465ee728b)  -> (artifact id: 'aae56250db47687a055cf4ac09c57787') in 0.016681 seconds 
========================================================================
Received Import Request.
  Time since last request: 0.000420 seconds.
  path: Assets/Images/2023_10_02_13_52/empty220.png
  artifactKey: Guid(e062ef677c4610e44a068e09610c4b5c) Importer(815301076,1909f56bfc062723c751e8b465ee728b)
Start importing Assets/Images/2023_10_02_13_52/empty220.png using Guid(e062ef677c4610e44a068e09610c4b5c) Importer(815301076,1909f56bfc062723c751e8b465ee728b)  -> (artifact id: '5c3650763688f1d0bb95cca33ddd1e58') in 0.011351 seconds 
========================================================================
Received Import Request.
  Time since last request: 0.000368 seconds.
  path: Assets/Images/2023_10_02_13_52/empty221.png
  artifactKey: Guid(3e564df022a3c3a4689938563042976c) Importer(815301076,1909f56bfc062723c751e8b465ee728b)
Start importing Assets/Images/2023_10_02_13_52/empty221.png using Guid(3e564df022a3c3a4689938563042976c) Importer(815301076,1909f56bfc062723c751e8b465ee728b)  -> (artifact id: '5159214b99209a6c7ede8a5edf80b68f') in 0.018483 seconds 
========================================================================
Received Import Request.
  Time since last request: 0.000332 seconds.
  path: Assets/Images/2023_10_02_13_52/empty222.png
  artifactKey: Guid(2018b1c135c5a4d41914db83f0dedf1f) Importer(815301076,1909f56bfc062723c751e8b465ee728b)
Start importing Assets/Images/2023_10_02_13_52/empty222.png using Guid(2018b1c135c5a4d41914db83f0dedf1f) Importer(815301076,1909f56bfc062723c751e8b465ee728b)  -> (artifact id: '4a7e2d7002497d4fd303af9f860263f9') in 0.011570 seconds 
========================================================================
Received Import Request.
  Time since last request: 0.021930 seconds.
  path: Assets/Images/2023_10_02_13_52/empty264.png
  artifactKey: Guid(f50dfc15470a5d745b48d13eec7fdedc) Importer(815301076,1909f56bfc062723c751e8b465ee728b)
Start importing Assets/Images/2023_10_02_13_52/empty264.png using Guid(f50dfc15470a5d745b48d13eec7fdedc) Importer(815301076,1909f56bfc062723c751e8b465ee728b)  -> (artifact id: 'a8f26b7c62027347c1f9a08abbda30b9') in 0.016324 seconds 
========================================================================
Received Import Request.
  Time since last request: 0.000175 seconds.
  path: Assets/Images/2023_10_02_13_52/empty265.png
  artifactKey: Guid(1d917830e3d837f4fbe498db4163b3cf) Importer(815301076,1909f56bfc062723c751e8b465ee728b)
Start importing Assets/Images/2023_10_02_13_52/empty265.png using Guid(1d917830e3d837f4fbe498db4163b3cf) Importer(815301076,1909f56bfc062723c751e8b465ee728b)  -> (artifact id: '20f7ea82cc7861aaf61d5c6cfaf30148') in 0.026189 seconds 
========================================================================
Received Import Request.
  Time since last request: 0.000215 seconds.
  path: Assets/Images/2023_10_02_13_52/empty267.png
  artifactKey: Guid(56ed8ada4e15be842acbc4b9030e23f6) Importer(815301076,1909f56bfc062723c751e8b465ee728b)
Start importing Assets/Images/2023_10_02_13_52/empty267.png using Guid(56ed8ada4e15be842acbc4b9030e23f6) Importer(815301076,1909f56bfc062723c751e8b465ee728b)  -> (artifact id: '41057fab3f9a63e761223ff42f13a074') in 0.009896 seconds 
========================================================================
Received Import Request.
  Time since last request: 0.000152 seconds.
  path: Assets/Images/2023_10_02_13_52/empty266.png
  artifactKey: Guid(73c98fb497f0c2b48b662f750b15afed) Importer(815301076,1909f56bfc062723c751e8b465ee728b)
Start importing Assets/Images/2023_10_02_13_52/empty266.png using Guid(73c98fb497f0c2b48b662f750b15afed) Importer(815301076,1909f56bfc062723c751e8b465ee728b)  -> (artifact id: 'b93ab4a407e4b3012520bf4d55fe5d3e') in 0.010023 seconds 
========================================================================
Received Import Request.
  Time since last request: 0.000163 seconds.
  path: Assets/Images/2023_10_02_13_52/empty268.png
  artifactKey: Guid(627e9b8388eb28f42a155ef1db1cfe89) Importer(815301076,1909f56bfc062723c751e8b465ee728b)
Start importing Assets/Images/2023_10_02_13_52/empty268.png using Guid(627e9b8388eb28f42a155ef1db1cfe89) Importer(815301076,1909f56bfc062723c751e8b465ee728b)  -> (artifact id: '7f960a93fbe69d2e29aec5224b86ad69') in 0.010081 seconds 
========================================================================
Received Import Request.
  Time since last request: 0.059390 seconds.
  path: Assets/Images/2023_10_02_13_52/empty272.png
  artifactKey: Guid(793a6790ad388cd44b8c25010adc3c94) Importer(815301076,1909f56bfc062723c751e8b465ee728b)
Start importing Assets/Images/2023_10_02_13_52/empty272.png using Guid(793a6790ad388cd44b8c25010adc3c94) Importer(815301076,1909f56bfc062723c751e8b465ee728b)  -> (artifact id: '33464ee0607a8a16e52c6927156e737b') in 0.015640 seconds 
========================================================================
Received Import Request.
  Time since last request: 0.000175 seconds.
  path: Assets/Images/2023_10_02_13_52/empty273.png
  artifactKey: Guid(ef552a8a2ce071448a08fd1db162c81f) Importer(815301076,1909f56bfc062723c751e8b465ee728b)
Start importing Assets/Images/2023_10_02_13_52/empty273.png using Guid(ef552a8a2ce071448a08fd1db162c81f) Importer(815301076,1909f56bfc062723c751e8b465ee728b)  -> (artifact id: '5047e82edb679a027ec17dd60b620d7b') in 0.026117 seconds 
========================================================================
Received Import Request.
  Time since last request: 0.000196 seconds.
  path: Assets/Images/2023_10_02_13_52/empty274.png
  artifactKey: Guid(a4cea902b34d27941b9c79db200f902e) Importer(815301076,1909f56bfc062723c751e8b465ee728b)
Start importing Assets/Images/2023_10_02_13_52/empty274.png using Guid(a4cea902b34d27941b9c79db200f902e) Importer(815301076,1909f56bfc062723c751e8b465ee728b)  -> (artifact id: 'fac20a908882c4729e8932a60f828609') in 0.010615 seconds 
========================================================================
Received Import Request.
  Time since last request: 2.009382 seconds.
  path: Assets/Images/2023_10_02_13_52/empty270.png
  artifactKey: Guid(b1f0931e33bde0a419466de5ae1fe7d8) Importer(815301076,1909f56bfc062723c751e8b465ee728b)
Start importing Assets/Images/2023_10_02_13_52/empty270.png using Guid(b1f0931e33bde0a419466de5ae1fe7d8) Importer(815301076,1909f56bfc062723c751e8b465ee728b)  -> (artifact id: '985b3a0471db4cc835738d4700f8a963') in 0.018336 seconds 
========================================================================
Received Import Request.
  Time since last request: 0.001631 seconds.
  path: Assets/Images/2023_10_02_13_52/empty271.png
  artifactKey: Guid(b571e7d0246fc7e439a202ece062a7b3) Importer(815301076,1909f56bfc062723c751e8b465ee728b)
Start importing Assets/Images/2023_10_02_13_52/empty271.png using Guid(b571e7d0246fc7e439a202ece062a7b3) Importer(815301076,1909f56bfc062723c751e8b465ee728b)  -> (artifact id: 'd13a23b4d1c16f45600de79d1bed2393') in 0.010589 seconds 
========================================================================
Received Import Request.
  Time since last request: 0.067930 seconds.
  path: Assets/Images/2023_10_02_13_52/empty260.png
  artifactKey: Guid(be5a17d6669e77b4fb5c14986ceb123b) Importer(815301076,1909f56bfc062723c751e8b465ee728b)
Start importing Assets/Images/2023_10_02_13_52/empty260.png using Guid(be5a17d6669e77b4fb5c14986ceb123b) Importer(815301076,1909f56bfc062723c751e8b465ee728b)  -> (artifact id: 'ea074eb151d4f221ae522946bdb4915d') in 0.027767 seconds 
========================================================================
Received Import Request.
  Time since last request: 0.000437 seconds.
  path: Assets/Images/2023_10_02_13_52/empty269.png
  artifactKey: Guid(74a193c69009556479fceec84bf09a90) Importer(815301076,1909f56bfc062723c751e8b465ee728b)
Start importing Assets/Images/2023_10_02_13_52/empty269.png using Guid(74a193c69009556479fceec84bf09a90) Importer(815301076,1909f56bfc062723c751e8b465ee728b)  -> (artifact id: 'e9a4ed2f573eae02a08004069198b111') in 0.009944 seconds 
========================================================================
Received Import Request.
  Time since last request: 0.000184 seconds.
  path: Assets/Images/2023_10_02_13_52/empty261.png
  artifactKey: Guid(8d28f7d340b329a42b5cdf2458170831) Importer(815301076,1909f56bfc062723c751e8b465ee728b)
Start importing Assets/Images/2023_10_02_13_52/empty261.png using Guid(8d28f7d340b329a42b5cdf2458170831) Importer(815301076,1909f56bfc062723c751e8b465ee728b)  -> (artifact id: 'f800652a87c68517d177afaa232df1d4') in 0.009981 seconds 
========================================================================
Received Import Request.
  Time since last request: 0.000221 seconds.
  path: Assets/Images/2023_10_02_13_52/empty263.png
  artifactKey: Guid(b25375537d88b19418284114cf61f3c7) Importer(815301076,1909f56bfc062723c751e8b465ee728b)
Start importing Assets/Images/2023_10_02_13_52/empty263.png using Guid(b25375537d88b19418284114cf61f3c7) Importer(815301076,1909f56bfc062723c751e8b465ee728b)  -> (artifact id: '71f696451d7ba6eff8b912ee1896d304') in 0.010663 seconds 
========================================================================
Received Import Request.
  Time since last request: 0.000256 seconds.
  path: Assets/Images/2023_10_02_13_52/empty262.png
  artifactKey: Guid(780bcb6267a1a0d42978d102397de90b) Importer(815301076,1909f56bfc062723c751e8b465ee728b)
Start importing Assets/Images/2023_10_02_13_52/empty262.png using Guid(780bcb6267a1a0d42978d102397de90b) Importer(815301076,1909f56bfc062723c751e8b465ee728b)  -> (artifact id: 'a2bea8faa97a191b32e51166ca42627c') in 0.010219 seconds 
========================================================================
Received Import Request.
  Time since last request: 0.029683 seconds.
  path: Assets/Images/2023_10_02_13_52/empty259.png
  artifactKey: Guid(3b865075cb30e66408a1e9dc6cd0b30e) Importer(815301076,1909f56bfc062723c751e8b465ee728b)
Start importing Assets/Images/2023_10_02_13_52/empty259.png using Guid(3b865075cb30e66408a1e9dc6cd0b30e) Importer(815301076,1909f56bfc062723c751e8b465ee728b)  -> (artifact id: '48ff4d84e48028e3ddb60cb9957c79ae') in 0.015362 seconds 
========================================================================
Received Import Request.
  Time since last request: 0.130056 seconds.
  path: Assets/Images/2023_10_02_13_52/empty252.png
  artifactKey: Guid(4a498074ee992df45ba9348c9253055b) Importer(815301076,1909f56bfc062723c751e8b465ee728b)
Start importing Assets/Images/2023_10_02_13_52/empty252.png using Guid(4a498074ee992df45ba9348c9253055b) Importer(815301076,1909f56bfc062723c751e8b465ee728b)  -> (artifact id: '0699c1f68dadbc8643ed07208aa38aff') in 0.015657 seconds 
========================================================================
Received Import Request.
  Time since last request: 0.000154 seconds.
  path: Assets/Images/2023_10_02_13_52/empty256.png
  artifactKey: Guid(4b33f32e1dafe1b41a5aaf8ea9b14c88) Importer(815301076,1909f56bfc062723c751e8b465ee728b)
Start importing Assets/Images/2023_10_02_13_52/empty256.png using Guid(4b33f32e1dafe1b41a5aaf8ea9b14c88) Importer(815301076,1909f56bfc062723c751e8b465ee728b)  -> (artifact id: 'cb9889093917298a4c45c3bb45b2a106') in 0.017279 seconds 
========================================================================
Received Import Request.
  Time since last request: 0.000184 seconds.
  path: Assets/Images/2023_10_02_13_52/empty250.png
  artifactKey: Guid(6af3602932707504a8ae5205ea7f784f) Importer(815301076,1909f56bfc062723c751e8b465ee728b)
Start importing Assets/Images/2023_10_02_13_52/empty250.png using Guid(6af3602932707504a8ae5205ea7f784f) Importer(815301076,1909f56bfc062723c751e8b465ee728b)  -> (artifact id: '7eac234cbed1553b45e9f78fdccfe7ce') in 0.032233 seconds 
========================================================================
Received Import Request.
  Time since last request: 0.000198 seconds.
  path: Assets/Images/2023_10_02_13_52/empty253.png
  artifactKey: Guid(3b5db4dc85b5a6749aa068d0c0678dca) Importer(815301076,1909f56bfc062723c751e8b465ee728b)
Start importing Assets/Images/2023_10_02_13_52/empty253.png using Guid(3b5db4dc85b5a6749aa068d0c0678dca) Importer(815301076,1909f56bfc062723c751e8b465ee728b)  -> (artifact id: '237e67f29b32b107f669bb08b3f8357b') in 0.010986 seconds 
========================================================================
Received Import Request.
  Time since last request: 0.000190 seconds.
  path: Assets/Images/2023_10_02_13_52/empty255.png
  artifactKey: Guid(7f90a8709cf53b1459b0a6f0566bda03) Importer(815301076,1909f56bfc062723c751e8b465ee728b)
Start importing Assets/Images/2023_10_02_13_52/empty255.png using Guid(7f90a8709cf53b1459b0a6f0566bda03) Importer(815301076,1909f56bfc062723c751e8b465ee728b)  -> (artifact id: 'b2e4e25d9b74d61b338a92eb02af6aa8') in 0.010558 seconds 
========================================================================
Received Import Request.
  Time since last request: 0.000230 seconds.
  path: Assets/Images/2023_10_02_13_52/empty258.png
  artifactKey: Guid(0ead2001ce30b7b43829da65b7da653d) Importer(815301076,1909f56bfc062723c751e8b465ee728b)
Start importing Assets/Images/2023_10_02_13_52/empty258.png using Guid(0ead2001ce30b7b43829da65b7da653d) Importer(815301076,1909f56bfc062723c751e8b465ee728b)  -> (artifact id: '6bb9a8fd30f4059d29c6d6ae612d94cc') in 0.010569 seconds 
========================================================================
Received Import Request.
  Time since last request: 0.000150 seconds.
  path: Assets/Images/2023_10_02_13_52/empty251.png
  artifactKey: Guid(d0494e1f80afb87468818f61bf6d908f) Importer(815301076,1909f56bfc062723c751e8b465ee728b)
Start importing Assets/Images/2023_10_02_13_52/empty251.png using Guid(d0494e1f80afb87468818f61bf6d908f) Importer(815301076,1909f56bfc062723c751e8b465ee728b)  -> (artifact id: 'bdb6db9b4f727ab9beb083f228f99a08') in 0.010544 seconds 
========================================================================
Received Import Request.
  Time since last request: 0.000161 seconds.
  path: Assets/Images/2023_10_02_13_52/empty254.png
  artifactKey: Guid(df06d8940925e7a4cb8dbcc565be28da) Importer(815301076,1909f56bfc062723c751e8b465ee728b)
Start importing Assets/Images/2023_10_02_13_52/empty254.png using Guid(df06d8940925e7a4cb8dbcc565be28da) Importer(815301076,1909f56bfc062723c751e8b465ee728b)  -> (artifact id: 'c4f84d4b2f38c68b5ef46d33437a2832') in 0.010459 seconds 
========================================================================
Received Import Request.
  Time since last request: 0.000205 seconds.
  path: Assets/Images/2023_10_02_13_52/empty257.png
  artifactKey: Guid(1cf34bce55c1aa840887908f18e95483) Importer(815301076,1909f56bfc062723c751e8b465ee728b)
Start importing Assets/Images/2023_10_02_13_52/empty257.png using Guid(1cf34bce55c1aa840887908f18e95483) Importer(815301076,1909f56bfc062723c751e8b465ee728b)  -> (artifact id: '2b2bd44d9f219a177188313c91166a73') in 0.019856 seconds 
========================================================================
Received Import Request.
  Time since last request: 40.214287 seconds.
  path: Assets/Images/2023_10_02_13_52/empty275.png
  artifactKey: Guid(348a6302e51606b49b1de76055b67b71) Importer(815301076,1909f56bfc062723c751e8b465ee728b)
Start importing Assets/Images/2023_10_02_13_52/empty275.png using Guid(348a6302e51606b49b1de76055b67b71) Importer(815301076,1909f56bfc062723c751e8b465ee728b)  -> (artifact id: '485a696830d4c8c2545449edf4042042') in 0.011891 seconds 
========================================================================
Received Import Request.
  Time since last request: 0.000164 seconds.
  path: Assets/Images/2023_10_02_13_52/empty278.png
  artifactKey: Guid(34f64f398e22c734c8e9112d08d50288) Importer(815301076,1909f56bfc062723c751e8b465ee728b)
Start importing Assets/Images/2023_10_02_13_52/empty278.png using Guid(34f64f398e22c734c8e9112d08d50288) Importer(815301076,1909f56bfc062723c751e8b465ee728b)  -> (artifact id: '22adb6b7e81901a4fc7cc73e38c45511') in 0.009147 seconds 
========================================================================
Received Import Request.
  Time since last request: 0.000177 seconds.
  path: Assets/Images/2023_10_02_13_52/empty277.png
  artifactKey: Guid(e372c357a4c1bef4583bf014a6a4dec2) Importer(815301076,1909f56bfc062723c751e8b465ee728b)
Start importing Assets/Images/2023_10_02_13_52/empty277.png using Guid(e372c357a4c1bef4583bf014a6a4dec2) Importer(815301076,1909f56bfc062723c751e8b465ee728b)  -> (artifact id: '28451ea3f9ada5610cd8c654cdc3a160') in 0.014898 seconds 
========================================================================
Received Import Request.
  Time since last request: 0.000262 seconds.
  path: Assets/Images/2023_10_02_13_52/empty279.png
  artifactKey: Guid(58436e788c1e90d48a7c5d1d67578e4d) Importer(815301076,1909f56bfc062723c751e8b465ee728b)
Start importing Assets/Images/2023_10_02_13_52/empty279.png using Guid(58436e788c1e90d48a7c5d1d67578e4d) Importer(815301076,1909f56bfc062723c751e8b465ee728b)  -> (artifact id: '99801b5b5b0f777be2ecc5c78d49b193') in 0.010329 seconds 
========================================================================
Received Import Request.
  Time since last request: 0.000153 seconds.
  path: Assets/Images/2023_10_02_13_52/empty276.png
  artifactKey: Guid(b948ea044fb83ee41bebdf3ae8ca283c) Importer(815301076,1909f56bfc062723c751e8b465ee728b)
Start importing Assets/Images/2023_10_02_13_52/empty276.png using Guid(b948ea044fb83ee41bebdf3ae8ca283c) Importer(815301076,1909f56bfc062723c751e8b465ee728b)  -> (artifact id: 'c570137cb3ac9674c9429e8273f4f902') in 0.010306 seconds 
========================================================================
Received Import Request.
  Time since last request: 194.964676 seconds.
  path: Assets/Images/2023_10_02_13_52/empty280.png
  artifactKey: Guid(5255797351c45d0448faf505c4edf03c) Importer(815301076,1909f56bfc062723c751e8b465ee728b)
Start importing Assets/Images/2023_10_02_13_52/empty280.png using Guid(5255797351c45d0448faf505c4edf03c) Importer(815301076,1909f56bfc062723c751e8b465ee728b)  -> (artifact id: 'c68d42f2419121fa5611e47b56acd24a') in 0.012423 seconds 
========================================================================
Received Import Request.
  Time since last request: 0.000349 seconds.
  path: Assets/Images/2023_10_02_13_52/empty287.png
  artifactKey: Guid(149c31ed14c96f444ae5e7ff17eaea65) Importer(815301076,1909f56bfc062723c751e8b465ee728b)
Start importing Assets/Images/2023_10_02_13_52/empty287.png using Guid(149c31ed14c96f444ae5e7ff17eaea65) Importer(815301076,1909f56bfc062723c751e8b465ee728b)  -> (artifact id: '1a9e444ee9ea061fbfd108a3667c7785') in 0.032447 seconds 
========================================================================
Received Import Request.
  Time since last request: 0.000158 seconds.
  path: Assets/Images/2023_10_02_13_52/empty284.png
  artifactKey: Guid(059b31059f11b2b4289da6a39fd0067c) Importer(815301076,1909f56bfc062723c751e8b465ee728b)
Start importing Assets/Images/2023_10_02_13_52/empty284.png using Guid(059b31059f11b2b4289da6a39fd0067c) Importer(815301076,1909f56bfc062723c751e8b465ee728b)  -> (artifact id: '5d3a26236116f91876fe257fa101b020') in 0.010203 seconds 
========================================================================
Received Import Request.
  Time since last request: 0.000161 seconds.
  path: Assets/Images/2023_10_02_13_52/empty286.png
  artifactKey: Guid(25eb490b60f6c0e4b83ff5a6d0033f9e) Importer(815301076,1909f56bfc062723c751e8b465ee728b)
Start importing Assets/Images/2023_10_02_13_52/empty286.png using Guid(25eb490b60f6c0e4b83ff5a6d0033f9e) Importer(815301076,1909f56bfc062723c751e8b465ee728b)  -> (artifact id: '94791119676c0ec7bf54b8fabb18a965') in 0.010210 seconds 
========================================================================
Received Import Request.
  Time since last request: 0.000165 seconds.
  path: Assets/Images/2023_10_02_13_52/empty290.png
  artifactKey: Guid(58a20664fc8a0d04b8b69ae52716de1a) Importer(815301076,1909f56bfc062723c751e8b465ee728b)
Start importing Assets/Images/2023_10_02_13_52/empty290.png using Guid(58a20664fc8a0d04b8b69ae52716de1a) Importer(815301076,1909f56bfc062723c751e8b465ee728b)  -> (artifact id: '2b60deb666d53575f3136e7e76f2303a') in 0.010256 seconds 
========================================================================
Received Import Request.
  Time since last request: 0.000152 seconds.
  path: Assets/Images/2023_10_02_13_52/empty283.png
  artifactKey: Guid(a84d785650e431042be3026ff3f25221) Importer(815301076,1909f56bfc062723c751e8b465ee728b)
Start importing Assets/Images/2023_10_02_13_52/empty283.png using Guid(a84d785650e431042be3026ff3f25221) Importer(815301076,1909f56bfc062723c751e8b465ee728b)  -> (artifact id: 'e11b0ef1cdd8912ac51388905db15036') in 0.010918 seconds 
========================================================================
Received Import Request.
  Time since last request: 0.000214 seconds.
  path: Assets/Images/2023_10_02_13_52/empty282.png
  artifactKey: Guid(21e50073612f6524c9bb265d88bbcb1e) Importer(815301076,1909f56bfc062723c751e8b465ee728b)
Start importing Assets/Images/2023_10_02_13_52/empty282.png using Guid(21e50073612f6524c9bb265d88bbcb1e) Importer(815301076,1909f56bfc062723c751e8b465ee728b)  -> (artifact id: '513b816a3871235351664b6458477ea5') in 0.010831 seconds 
========================================================================
Received Import Request.
  Time since last request: 0.000208 seconds.
  path: Assets/Images/2023_10_02_13_52/empty285.png
  artifactKey: Guid(96fa3a021bb3fb74fa424ac692d454e1) Importer(815301076,1909f56bfc062723c751e8b465ee728b)
Start importing Assets/Images/2023_10_02_13_52/empty285.png using Guid(96fa3a021bb3fb74fa424ac692d454e1) Importer(815301076,1909f56bfc062723c751e8b465ee728b)  -> (artifact id: 'bdb10e77d2f75636151a768adbd5b533') in 0.032492 seconds 
========================================================================
Received Import Request.
  Time since last request: 0.000372 seconds.
  path: Assets/Images/2023_10_02_13_52/empty299.png
  artifactKey: Guid(b4b31cdc0588f1d449737f81565385dd) Importer(815301076,1909f56bfc062723c751e8b465ee728b)
Start importing Assets/Images/2023_10_02_13_52/empty299.png using Guid(b4b31cdc0588f1d449737f81565385dd) Importer(815301076,1909f56bfc062723c751e8b465ee728b)  -> (artifact id: 'eec0c43d49fab93b76dc2c9b30be9445') in 0.010324 seconds 
========================================================================
Received Import Request.
  Time since last request: 0.000159 seconds.
  path: Assets/Images/2023_10_02_13_52/empty296.png
  artifactKey: Guid(bfdf6cd16cddd4a4884daa6cbeaa20ad) Importer(815301076,1909f56bfc062723c751e8b465ee728b)
Start importing Assets/Images/2023_10_02_13_52/empty296.png using Guid(bfdf6cd16cddd4a4884daa6cbeaa20ad) Importer(815301076,1909f56bfc062723c751e8b465ee728b)  -> (artifact id: 'e5f29cb11a4ff2011433e22c7ccc5c52') in 0.010168 seconds 
========================================================================
Received Import Request.
  Time since last request: 0.000189 seconds.
  path: Assets/Images/2023_10_02_13_52/empty294.png
  artifactKey: Guid(ea8292495fc9ca1498c815e8439c62eb) Importer(815301076,1909f56bfc062723c751e8b465ee728b)
Start importing Assets/Images/2023_10_02_13_52/empty294.png using Guid(ea8292495fc9ca1498c815e8439c62eb) Importer(815301076,1909f56bfc062723c751e8b465ee728b)  -> (artifact id: 'f88df077b89db68b7314793acefb3b57') in 0.010310 seconds 
========================================================================
Received Import Request.
  Time since last request: 0.000260 seconds.
  path: Assets/Images/2023_10_02_13_52/empty304.png
  artifactKey: Guid(cc797342e072e894f9661a215eff91d2) Importer(815301076,1909f56bfc062723c751e8b465ee728b)
Start importing Assets/Images/2023_10_02_13_52/empty304.png using Guid(cc797342e072e894f9661a215eff91d2) Importer(815301076,1909f56bfc062723c751e8b465ee728b)  -> (artifact id: 'eff1f42bc7f9d16fe12a6abb8bac0a17') in 0.015142 seconds 
========================================================================
Received Import Request.
  Time since last request: 0.002431 seconds.
  path: Assets/Images/2023_10_02_13_52/empty305.png
  artifactKey: Guid(b7bf96dcda8fb86478331247d4b3b0bd) Importer(815301076,1909f56bfc062723c751e8b465ee728b)
Start importing Assets/Images/2023_10_02_13_52/empty305.png using Guid(b7bf96dcda8fb86478331247d4b3b0bd) Importer(815301076,1909f56bfc062723c751e8b465ee728b)  -> (artifact id: 'ede58ef4c1e5366eb44d321ddf5fc7b9') in 0.010311 seconds 
========================================================================
Received Import Request.
  Time since last request: 0.000217 seconds.
  path: Assets/Images/2023_10_02_13_52/empty297.png
  artifactKey: Guid(89a54192af041f84db6b5a19e8a54085) Importer(815301076,1909f56bfc062723c751e8b465ee728b)
Start importing Assets/Images/2023_10_02_13_52/empty297.png using Guid(89a54192af041f84db6b5a19e8a54085) Importer(815301076,1909f56bfc062723c751e8b465ee728b)  -> (artifact id: '3de110b41a847e4c2ae18ae0b430f2ce') in 0.010136 seconds 
========================================================================
Received Import Request.
  Time since last request: 0.000224 seconds.
  path: Assets/Images/2023_10_02_13_52/empty302.png
  artifactKey: Guid(8595296ac68841246a2ffa9ca6b5757c) Importer(815301076,1909f56bfc062723c751e8b465ee728b)
Start importing Assets/Images/2023_10_02_13_52/empty302.png using Guid(8595296ac68841246a2ffa9ca6b5757c) Importer(815301076,1909f56bfc062723c751e8b465ee728b)  -> (artifact id: '2f7eb7a55336182d03433598965852bd') in 0.010136 seconds 
========================================================================
Received Import Request.
  Time since last request: 0.000146 seconds.
  path: Assets/Images/2023_10_02_13_52/empty306.png
  artifactKey: Guid(9ed9d43f9063cf14a9da8b677780e132) Importer(815301076,1909f56bfc062723c751e8b465ee728b)
Start importing Assets/Images/2023_10_02_13_52/empty306.png using Guid(9ed9d43f9063cf14a9da8b677780e132) Importer(815301076,1909f56bfc062723c751e8b465ee728b)  -> (artifact id: '93d3718b186c1ca24c5d9dc5e8c44b03') in 0.010011 seconds 
========================================================================
Received Import Request.
  Time since last request: 0.000206 seconds.
  path: Assets/Images/2023_10_02_13_52/empty298.png
  artifactKey: Guid(d1468da616328c548a7921beac2c1df9) Importer(815301076,1909f56bfc062723c751e8b465ee728b)
Start importing Assets/Images/2023_10_02_13_52/empty298.png using Guid(d1468da616328c548a7921beac2c1df9) Importer(815301076,1909f56bfc062723c751e8b465ee728b)  -> (artifact id: 'b84a7a02d56a4701f1aea94ade009b08') in 0.010978 seconds 
========================================================================
Received Import Request.
  Time since last request: 0.000160 seconds.
  path: Assets/Images/2023_10_02_13_52/empty301.png
  artifactKey: Guid(8b6fda9e89d1c1647ab304aad01b6cf8) Importer(815301076,1909f56bfc062723c751e8b465ee728b)
Start importing Assets/Images/2023_10_02_13_52/empty301.png using Guid(8b6fda9e89d1c1647ab304aad01b6cf8) Importer(815301076,1909f56bfc062723c751e8b465ee728b)  -> (artifact id: '7dd11556e4766dab2c3a264b34812e27') in 0.010091 seconds 
========================================================================
Received Import Request.
  Time since last request: 0.000173 seconds.
  path: Assets/Images/2023_10_02_13_52/empty288.png
  artifactKey: Guid(22735dad37f6e2e4597f037c1333882f) Importer(815301076,1909f56bfc062723c751e8b465ee728b)
Start importing Assets/Images/2023_10_02_13_52/empty288.png using Guid(22735dad37f6e2e4597f037c1333882f) Importer(815301076,1909f56bfc062723c751e8b465ee728b)  -> (artifact id: 'b4b4964118f7a5ea1fb3b20bf65234b5') in 0.026865 seconds 
========================================================================
Received Import Request.
  Time since last request: 0.000278 seconds.
  path: Assets/Images/2023_10_02_13_52/empty292.png
  artifactKey: Guid(82f3f0657a498024fb380c3700c55696) Importer(815301076,1909f56bfc062723c751e8b465ee728b)
Start importing Assets/Images/2023_10_02_13_52/empty292.png using Guid(82f3f0657a498024fb380c3700c55696) Importer(815301076,1909f56bfc062723c751e8b465ee728b)  -> (artifact id: 'bbecb827019ed13104d116b9b2fd5a37') in 0.009905 seconds 
========================================================================
Received Import Request.
  Time since last request: 0.000266 seconds.
  path: Assets/Images/2023_10_02_13_52/empty291.png
  artifactKey: Guid(ead4eac7421f12642a715d731b602f03) Importer(815301076,1909f56bfc062723c751e8b465ee728b)
Start importing Assets/Images/2023_10_02_13_52/empty291.png using Guid(ead4eac7421f12642a715d731b602f03) Importer(815301076,1909f56bfc062723c751e8b465ee728b)  -> (artifact id: '26b6253b5492fbfbf45e6f49a0411105') in 0.009532 seconds 
========================================================================
Received Import Request.
  Time since last request: 0.000176 seconds.
  path: Assets/Images/2023_10_02_13_52/empty303.png
  artifactKey: Guid(d3cf491325e6db0439aab6291178f018) Importer(815301076,1909f56bfc062723c751e8b465ee728b)
Start importing Assets/Images/2023_10_02_13_52/empty303.png using Guid(d3cf491325e6db0439aab6291178f018) Importer(815301076,1909f56bfc062723c751e8b465ee728b)  -> (artifact id: '6289f1b97491c743bcf948818a46c30b') in 0.009716 seconds 
========================================================================
Received Import Request.
  Time since last request: 0.000229 seconds.
  path: Assets/Images/2023_10_02_13_52/empty300.png
  artifactKey: Guid(647ba8e51bde5ba4dad7f50d7d9f3013) Importer(815301076,1909f56bfc062723c751e8b465ee728b)
Start importing Assets/Images/2023_10_02_13_52/empty300.png using Guid(647ba8e51bde5ba4dad7f50d7d9f3013) Importer(815301076,1909f56bfc062723c751e8b465ee728b)  -> (artifact id: 'f755ef5bbe8848d6f11443048a36b3e6') in 0.009941 seconds 
========================================================================
Received Import Request.
  Time since last request: 0.000193 seconds.
  path: Assets/Images/2023_10_02_13_52/empty295.png
  artifactKey: Guid(255b6e72b0a210144af3dd1912166d8e) Importer(815301076,1909f56bfc062723c751e8b465ee728b)
Start importing Assets/Images/2023_10_02_13_52/empty295.png using Guid(255b6e72b0a210144af3dd1912166d8e) Importer(815301076,1909f56bfc062723c751e8b465ee728b)  -> (artifact id: 'a46ade2105e38aa254f145b32e0ae470') in 0.010649 seconds 
========================================================================
Received Import Request.
  Time since last request: 0.000167 seconds.
  path: Assets/Images/2023_10_02_13_52/empty293.png
  artifactKey: Guid(db98540860a687248abbe32f27f41e3d) Importer(815301076,1909f56bfc062723c751e8b465ee728b)
Start importing Assets/Images/2023_10_02_13_52/empty293.png using Guid(db98540860a687248abbe32f27f41e3d) Importer(815301076,1909f56bfc062723c751e8b465ee728b)  -> (artifact id: '37aafe41979a72b57634d0d6030827bc') in 0.010900 seconds 
========================================================================
Received Import Request.
  Time since last request: 0.000216 seconds.
  path: Assets/Images/2023_10_02_13_52/empty289.png
  artifactKey: Guid(fdcb085917d5b3a4daed1a35c0b1ad76) Importer(815301076,1909f56bfc062723c751e8b465ee728b)
Start importing Assets/Images/2023_10_02_13_52/empty289.png using Guid(fdcb085917d5b3a4daed1a35c0b1ad76) Importer(815301076,1909f56bfc062723c751e8b465ee728b)  -> (artifact id: '1093a04088c6bb5f8cae8cdac1d95eea') in 0.012241 seconds 
========================================================================
Received Import Request.
  Time since last request: 0.004805 seconds.
  path: Assets/Images/2023_10_02_13_52/empty281.png
  artifactKey: Guid(197e3cafd67081d4094a84e43d88b985) Importer(815301076,1909f56bfc062723c751e8b465ee728b)
Start importing Assets/Images/2023_10_02_13_52/empty281.png using Guid(197e3cafd67081d4094a84e43d88b985) Importer(815301076,1909f56bfc062723c751e8b465ee728b)  -> (artifact id: 'ab5ce2787122db21a70c8836b257b8c9') in 0.010266 seconds 
========================================================================
Received Import Request.
  Time since last request: 97.403317 seconds.
  path: Assets/Images/2023_10_02_13_52/empty307.png
  artifactKey: Guid(8937b94413ed28144bfed45f0ffaa537) Importer(815301076,1909f56bfc062723c751e8b465ee728b)
Start importing Assets/Images/2023_10_02_13_52/empty307.png using Guid(8937b94413ed28144bfed45f0ffaa537) Importer(815301076,1909f56bfc062723c751e8b465ee728b)  -> (artifact id: 'b8cd781a4d6b490ee5e77f460e4d3d7c') in 0.015531 seconds 
========================================================================
Received Import Request.
  Time since last request: 0.000226 seconds.
  path: Assets/Images/2023_10_02_13_52/empty312.png
  artifactKey: Guid(3dd08dd59c5eeab40835de7149938630) Importer(815301076,1909f56bfc062723c751e8b465ee728b)
Start importing Assets/Images/2023_10_02_13_52/empty312.png using Guid(3dd08dd59c5eeab40835de7149938630) Importer(815301076,1909f56bfc062723c751e8b465ee728b)  -> (artifact id: '2b6496a374a584af9bec3f9084a202e8') in 0.014453 seconds 
========================================================================
Received Import Request.
  Time since last request: 0.000531 seconds.
  path: Assets/Images/2023_10_02_13_52/empty308.png
  artifactKey: Guid(fa87edb029e082e4ab073c178c0e7d79) Importer(815301076,1909f56bfc062723c751e8b465ee728b)
Start importing Assets/Images/2023_10_02_13_52/empty308.png using Guid(fa87edb029e082e4ab073c178c0e7d79) Importer(815301076,1909f56bfc062723c751e8b465ee728b)  -> (artifact id: 'd87d8a5194f3e265ddb1180efc72d92a') in 0.010067 seconds 
========================================================================
Received Import Request.
  Time since last request: 0.000162 seconds.
  path: Assets/Images/2023_10_02_13_52/empty313.png
  artifactKey: Guid(71dc310b0f29af0479e2ec5859687cb9) Importer(815301076,1909f56bfc062723c751e8b465ee728b)
Start importing Assets/Images/2023_10_02_13_52/empty313.png using Guid(71dc310b0f29af0479e2ec5859687cb9) Importer(815301076,1909f56bfc062723c751e8b465ee728b)  -> (artifact id: '93c6b7a024922e9679941f2ca6366598') in 0.010181 seconds 
========================================================================
Received Import Request.
  Time since last request: 0.000158 seconds.
  path: Assets/Images/2023_10_02_13_52/empty314.png
  artifactKey: Guid(6ad2077495c380c41869f6a60fc0f6c5) Importer(815301076,1909f56bfc062723c751e8b465ee728b)
Start importing Assets/Images/2023_10_02_13_52/empty314.png using Guid(6ad2077495c380c41869f6a60fc0f6c5) Importer(815301076,1909f56bfc062723c751e8b465ee728b)  -> (artifact id: '75c625d478c2dd78920bd3e9bf50ff04') in 0.010708 seconds 
========================================================================
Received Import Request.
  Time since last request: 0.000205 seconds.
  path: Assets/Images/2023_10_02_13_52/empty315.png
  artifactKey: Guid(5aa4ea89762eb53459dbad2dfd2c4e9b) Importer(815301076,1909f56bfc062723c751e8b465ee728b)
Start importing Assets/Images/2023_10_02_13_52/empty315.png using Guid(5aa4ea89762eb53459dbad2dfd2c4e9b) Importer(815301076,1909f56bfc062723c751e8b465ee728b)  -> (artifact id: '76066e1c0b10d4accffa8b50916dc651') in 0.010597 seconds 
========================================================================
Received Import Request.
  Time since last request: 0.000219 seconds.
  path: Assets/Images/2023_10_02_13_52/empty310.png
  artifactKey: Guid(f7f4cc00c3027494095bcf9028397b03) Importer(815301076,1909f56bfc062723c751e8b465ee728b)
Start importing Assets/Images/2023_10_02_13_52/empty310.png using Guid(f7f4cc00c3027494095bcf9028397b03) Importer(815301076,1909f56bfc062723c751e8b465ee728b)  -> (artifact id: '5d3b200675d75e08bc42e0e5aec794bb') in 0.009792 seconds 
========================================================================
Received Import Request.
  Time since last request: 0.000250 seconds.
  path: Assets/Images/2023_10_02_13_52/empty317.png
  artifactKey: Guid(efbe1f0cc23d9934c8749ed2a4c673ec) Importer(815301076,1909f56bfc062723c751e8b465ee728b)
Start importing Assets/Images/2023_10_02_13_52/empty317.png using Guid(efbe1f0cc23d9934c8749ed2a4c673ec) Importer(815301076,1909f56bfc062723c751e8b465ee728b)  -> (artifact id: 'a3ab7d35e7f03a0138a54606da8d4784') in 0.016458 seconds 
========================================================================
Received Import Request.
  Time since last request: 0.000145 seconds.
  path: Assets/Images/2023_10_02_13_52/empty316.png
  artifactKey: Guid(a8a0905e2f2144b40825b9c15aa52226) Importer(815301076,1909f56bfc062723c751e8b465ee728b)
Start importing Assets/Images/2023_10_02_13_52/empty316.png using Guid(a8a0905e2f2144b40825b9c15aa52226) Importer(815301076,1909f56bfc062723c751e8b465ee728b)  -> (artifact id: 'd14136ee014cca5950ba10e0c50ebab9') in 0.014721 seconds 
========================================================================
Received Import Request.
  Time since last request: 0.000186 seconds.
  path: Assets/Images/2023_10_02_13_52/empty311.png
  artifactKey: Guid(e2976168d6c02f04792625aa4f9b6d17) Importer(815301076,1909f56bfc062723c751e8b465ee728b)
Start importing Assets/Images/2023_10_02_13_52/empty311.png using Guid(e2976168d6c02f04792625aa4f9b6d17) Importer(815301076,1909f56bfc062723c751e8b465ee728b)  -> (artifact id: 'cde6e4b86528113e587b0eb607f7127e') in 0.019083 seconds 
========================================================================
Received Import Request.
  Time since last request: 0.000226 seconds.
  path: Assets/Images/2023_10_02_13_52/empty309.png
  artifactKey: Guid(47aa706a64edce04983747f64b2e6847) Importer(815301076,1909f56bfc062723c751e8b465ee728b)
Start importing Assets/Images/2023_10_02_13_52/empty309.png using Guid(47aa706a64edce04983747f64b2e6847) Importer(815301076,1909f56bfc062723c751e8b465ee728b)  -> (artifact id: 'd78526157f992630a991f379ace9110d') in 0.024877 seconds 
========================================================================
Received Import Request.
  Time since last request: 859.975498 seconds.
  path: Assets/Images/2023_10_02_13_52/wide278.png
  artifactKey: Guid(dcd2fad9d6ce4b74b81663467b728b9f) Importer(815301076,1909f56bfc062723c751e8b465ee728b)
Start importing Assets/Images/2023_10_02_13_52/wide278.png using Guid(dcd2fad9d6ce4b74b81663467b728b9f) Importer(815301076,1909f56bfc062723c751e8b465ee728b)  -> (artifact id: '533500d03b72b14cab11fad873f46009') in 0.011454 seconds 
========================================================================
Received Import Request.
  Time since last request: 0.000166 seconds.
  path: Assets/Images/2023_10_02_13_52/wide289.png
  artifactKey: Guid(2db5b4a82cbd1db47ba8f8475db74914) Importer(815301076,1909f56bfc062723c751e8b465ee728b)
Start importing Assets/Images/2023_10_02_13_52/wide289.png using Guid(2db5b4a82cbd1db47ba8f8475db74914) Importer(815301076,1909f56bfc062723c751e8b465ee728b)  -> (artifact id: 'db65090362ea6c60f6a8167359135e45') in 0.009768 seconds 
========================================================================
Received Import Request.
  Time since last request: 0.000180 seconds.
  path: Assets/Images/2023_10_02_13_52/wide292.png
  artifactKey: Guid(997fc5b946907bf4780e174c556aefeb) Importer(815301076,1909f56bfc062723c751e8b465ee728b)
Start importing Assets/Images/2023_10_02_13_52/wide292.png using Guid(997fc5b946907bf4780e174c556aefeb) Importer(815301076,1909f56bfc062723c751e8b465ee728b)  -> (artifact id: '221ae5a5523121d8051f607e85cdf7a6') in 0.024510 seconds 
========================================================================
Received Import Request.
  Time since last request: 0.000189 seconds.
  path: Assets/Images/2023_10_02_13_52/wide297.png
  artifactKey: Guid(e870f26e40b81cf488610dcbfda130bb) Importer(815301076,1909f56bfc062723c751e8b465ee728b)
Start importing Assets/Images/2023_10_02_13_52/wide297.png using Guid(e870f26e40b81cf488610dcbfda130bb) Importer(815301076,1909f56bfc062723c751e8b465ee728b)  -> (artifact id: 'a0fe914dea6a4c7ee8fb9a9c265a1dd5') in 0.010381 seconds 
========================================================================
Received Import Request.
  Time since last request: 0.000179 seconds.
  path: Assets/Images/2023_10_02_13_52/wide307.png
  artifactKey: Guid(9301c493466458e46978b0881bdffc06) Importer(815301076,1909f56bfc062723c751e8b465ee728b)
Start importing Assets/Images/2023_10_02_13_52/wide307.png using Guid(9301c493466458e46978b0881bdffc06) Importer(815301076,1909f56bfc062723c751e8b465ee728b)  -> (artifact id: '820403bf017e946038773c9a2f85008b') in 0.009883 seconds 
========================================================================
Received Import Request.
  Time since last request: 0.000245 seconds.
  path: Assets/Images/2023_10_02_13_52/wide285.png
  artifactKey: Guid(297c3cfe33cab8a4aa7316f6ac4c9a0f) Importer(815301076,1909f56bfc062723c751e8b465ee728b)
Start importing Assets/Images/2023_10_02_13_52/wide285.png using Guid(297c3cfe33cab8a4aa7316f6ac4c9a0f) Importer(815301076,1909f56bfc062723c751e8b465ee728b)  -> (artifact id: '8a472f5a5b9444f3f56f6df470a38712') in 0.010118 seconds 
========================================================================
Received Import Request.
  Time since last request: 0.000216 seconds.
  path: Assets/Images/2023_10_02_13_52/wide310.png
  artifactKey: Guid(e8b9614b866b46b4490820bc89b2cd36) Importer(815301076,1909f56bfc062723c751e8b465ee728b)
Start importing Assets/Images/2023_10_02_13_52/wide310.png using Guid(e8b9614b866b46b4490820bc89b2cd36) Importer(815301076,1909f56bfc062723c751e8b465ee728b)  -> (artifact id: '243275cdb944e6936cdbc2702988170f') in 0.009850 seconds 
========================================================================
Received Import Request.
  Time since last request: 0.000166 seconds.
  path: Assets/Images/2023_10_02_13_52/wide315.png
  artifactKey: Guid(8655abd7240db9d4ba7e08d2658d1ba3) Importer(815301076,1909f56bfc062723c751e8b465ee728b)
Start importing Assets/Images/2023_10_02_13_52/wide315.png using Guid(8655abd7240db9d4ba7e08d2658d1ba3) Importer(815301076,1909f56bfc062723c751e8b465ee728b)  -> (artifact id: '502f04c25418deb01b92eedc88824ed2') in 0.010672 seconds 
========================================================================
Received Import Request.
  Time since last request: 0.000214 seconds.
  path: Assets/Images/2023_10_02_13_52/wide296.png
  artifactKey: Guid(a4950aacce7260a48b97cedcf345a44f) Importer(815301076,1909f56bfc062723c751e8b465ee728b)
Start importing Assets/Images/2023_10_02_13_52/wide296.png using Guid(a4950aacce7260a48b97cedcf345a44f) Importer(815301076,1909f56bfc062723c751e8b465ee728b)  -> (artifact id: '7eb90977e0a632fbfa05f04105a916bf') in 0.019434 seconds 
========================================================================
Received Import Request.
  Time since last request: 0.000141 seconds.
  path: Assets/Images/2023_10_02_13_52/wide288.png
  artifactKey: Guid(2e714d3ba71b5254db0ec6bb28b959aa) Importer(815301076,1909f56bfc062723c751e8b465ee728b)
Start importing Assets/Images/2023_10_02_13_52/wide288.png using Guid(2e714d3ba71b5254db0ec6bb28b959aa) Importer(815301076,1909f56bfc062723c751e8b465ee728b)  -> (artifact id: '5355281bc66ddecdae0110a53283c468') in 0.009689 seconds 
========================================================================
Received Import Request.
  Time since last request: 0.000135 seconds.
  path: Assets/Images/2023_10_02_13_52/wide312.png
  artifactKey: Guid(f3c67142964c1904bb4d86daf742bd33) Importer(815301076,1909f56bfc062723c751e8b465ee728b)
Start importing Assets/Images/2023_10_02_13_52/wide312.png using Guid(f3c67142964c1904bb4d86daf742bd33) Importer(815301076,1909f56bfc062723c751e8b465ee728b)  -> (artifact id: '713be73f473539214f07c3e8a4cb87a1') in 0.008792 seconds 
========================================================================
Received Import Request.
  Time since last request: 0.000182 seconds.
  path: Assets/Images/2023_10_02_13_52/wide298.png
  artifactKey: Guid(3710a68121670fa498081220f5a70769) Importer(815301076,1909f56bfc062723c751e8b465ee728b)
Start importing Assets/Images/2023_10_02_13_52/wide298.png using Guid(3710a68121670fa498081220f5a70769) Importer(815301076,1909f56bfc062723c751e8b465ee728b)  -> (artifact id: 'd89ef438e6bca86667f4855e1a6ff470') in 0.024147 seconds 
========================================================================
Received Import Request.
  Time since last request: 0.000280 seconds.
  path: Assets/Images/2023_10_02_13_52/wide314.png
  artifactKey: Guid(f6081345e790cef408c62daf59a734f8) Importer(815301076,1909f56bfc062723c751e8b465ee728b)
Start importing Assets/Images/2023_10_02_13_52/wide314.png using Guid(f6081345e790cef408c62daf59a734f8) Importer(815301076,1909f56bfc062723c751e8b465ee728b)  -> (artifact id: '90a7f5af1127d99ef57dc86359892baa') in 0.011129 seconds 
========================================================================
Received Import Request.
  Time since last request: 0.000194 seconds.
  path: Assets/Images/2023_10_02_13_52/wide313.png
  artifactKey: Guid(a390aa3d446a1fd44a4c19ab98a3963d) Importer(815301076,1909f56bfc062723c751e8b465ee728b)
Start importing Assets/Images/2023_10_02_13_52/wide313.png using Guid(a390aa3d446a1fd44a4c19ab98a3963d) Importer(815301076,1909f56bfc062723c751e8b465ee728b)  -> (artifact id: '3c5842fa9afc76244aefafe82729f402') in 0.011052 seconds 
========================================================================
Received Import Request.
  Time since last request: 0.000257 seconds.
  path: Assets/Images/2023_10_02_13_52/wide301.png
  artifactKey: Guid(2f335a27ff3568a46aea0fafc2777cd6) Importer(815301076,1909f56bfc062723c751e8b465ee728b)
Start importing Assets/Images/2023_10_02_13_52/wide301.png using Guid(2f335a27ff3568a46aea0fafc2777cd6) Importer(815301076,1909f56bfc062723c751e8b465ee728b)  -> (artifact id: 'a65ed619018b54f08d3cac9d6684d9ba') in 0.009907 seconds 
========================================================================
Received Import Request.
  Time since last request: 0.000223 seconds.
  path: Assets/Images/2023_10_02_13_52/wide306.png
  artifactKey: Guid(7f6b1215ed071414fa668cec6fc3ca33) Importer(815301076,1909f56bfc062723c751e8b465ee728b)
Start importing Assets/Images/2023_10_02_13_52/wide306.png using Guid(7f6b1215ed071414fa668cec6fc3ca33) Importer(815301076,1909f56bfc062723c751e8b465ee728b)  -> (artifact id: '2a2bcf00185a8778d96bdea11100140a') in 0.009220 seconds 
========================================================================
Received Import Request.
  Time since last request: 0.000271 seconds.
  path: Assets/Images/2023_10_02_13_52/wide294.png
  artifactKey: Guid(cd0bea6c29b0f7f4887ade5f16d88d80) Importer(815301076,1909f56bfc062723c751e8b465ee728b)
Start importing Assets/Images/2023_10_02_13_52/wide294.png using Guid(cd0bea6c29b0f7f4887ade5f16d88d80) Importer(815301076,1909f56bfc062723c751e8b465ee728b)  -> (artifact id: '5534faaac2b454e3323c4a1061b1970e') in 0.009508 seconds 
========================================================================
Received Import Request.
  Time since last request: 0.000199 seconds.
  path: Assets/Images/2023_10_02_13_52/wide303.png
  artifactKey: Guid(d1310de75fa738e459a5d2a648902155) Importer(815301076,1909f56bfc062723c751e8b465ee728b)
Start importing Assets/Images/2023_10_02_13_52/wide303.png using Guid(d1310de75fa738e459a5d2a648902155) Importer(815301076,1909f56bfc062723c751e8b465ee728b)  -> (artifact id: '97d5b89bcec0c9710e890d080fae9576') in 0.010770 seconds 
========================================================================
Received Import Request.
  Time since last request: 0.000189 seconds.
  path: Assets/Images/2023_10_02_13_52/wide299.png
  artifactKey: Guid(8e3a9f50277b03145801ae1044345537) Importer(815301076,1909f56bfc062723c751e8b465ee728b)
Start importing Assets/Images/2023_10_02_13_52/wide299.png using Guid(8e3a9f50277b03145801ae1044345537) Importer(815301076,1909f56bfc062723c751e8b465ee728b)  -> (artifact id: '0a16ae28c48337148ed68f4ecfb34631') in 0.009097 seconds 
========================================================================
Received Import Request.
  Time since last request: 0.000164 seconds.
  path: Assets/Images/2023_10_02_13_52/wide300.png
  artifactKey: Guid(dae7c2335f657e14fa83d309ad608d52) Importer(815301076,1909f56bfc062723c751e8b465ee728b)
Start importing Assets/Images/2023_10_02_13_52/wide300.png using Guid(dae7c2335f657e14fa83d309ad608d52) Importer(815301076,1909f56bfc062723c751e8b465ee728b)  -> (artifact id: '636c1699358d2515e3576277d6f4c0e3') in 0.019481 seconds 
========================================================================
Received Import Request.
  Time since last request: 0.000255 seconds.
  path: Assets/Images/2023_10_02_13_52/wide293.png
  artifactKey: Guid(029a9e4b419801d468ce692b27272575) Importer(815301076,1909f56bfc062723c751e8b465ee728b)
Start importing Assets/Images/2023_10_02_13_52/wide293.png using Guid(029a9e4b419801d468ce692b27272575) Importer(815301076,1909f56bfc062723c751e8b465ee728b)  -> (artifact id: 'c1f145f66cff74ddc35f64caa62df9c5') in 0.009628 seconds 
========================================================================
Received Import Request.
  Time since last request: 0.000217 seconds.
  path: Assets/Images/2023_10_02_13_52/wide316.png
  artifactKey: Guid(69f355da57769ba4e96fe4ba3016d275) Importer(815301076,1909f56bfc062723c751e8b465ee728b)
Start importing Assets/Images/2023_10_02_13_52/wide316.png using Guid(69f355da57769ba4e96fe4ba3016d275) Importer(815301076,1909f56bfc062723c751e8b465ee728b)  -> (artifact id: 'fd042418fde6de9adb726d667d4b8e1c') in 0.009920 seconds 
========================================================================
Received Import Request.
  Time since last request: 0.000169 seconds.
  path: Assets/Images/2023_10_02_13_52/wide280.png
  artifactKey: Guid(15475a4340f5b6849b830baedbf84514) Importer(815301076,1909f56bfc062723c751e8b465ee728b)
Start importing Assets/Images/2023_10_02_13_52/wide280.png using Guid(15475a4340f5b6849b830baedbf84514) Importer(815301076,1909f56bfc062723c751e8b465ee728b)  -> (artifact id: '0890f1432bcfce81367a00a05750552f') in 0.009594 seconds 
========================================================================
Received Import Request.
  Time since last request: 0.000247 seconds.
  path: Assets/Images/2023_10_02_13_52/wide291.png
  artifactKey: Guid(c5f4c34129af4704e85244b40d465b5c) Importer(815301076,1909f56bfc062723c751e8b465ee728b)
Start importing Assets/Images/2023_10_02_13_52/wide291.png using Guid(c5f4c34129af4704e85244b40d465b5c) Importer(815301076,1909f56bfc062723c751e8b465ee728b)  -> (artifact id: '73f05c86a968e999572df23264e679f6') in 0.009578 seconds 
========================================================================
Received Import Request.
  Time since last request: 0.000165 seconds.
  path: Assets/Images/2023_10_02_13_52/wide305.png
  artifactKey: Guid(ed90c94f14d01664cb915d3b6bc6bd8d) Importer(815301076,1909f56bfc062723c751e8b465ee728b)
Start importing Assets/Images/2023_10_02_13_52/wide305.png using Guid(ed90c94f14d01664cb915d3b6bc6bd8d) Importer(815301076,1909f56bfc062723c751e8b465ee728b)  -> (artifact id: 'a838e02617beff584380aac72be0974c') in 0.009331 seconds 
========================================================================
Received Import Request.
  Time since last request: 0.000169 seconds.
  path: Assets/Images/2023_10_02_13_52/wide282.png
  artifactKey: Guid(38aae75aab6562449b0b9073fd4c2391) Importer(815301076,1909f56bfc062723c751e8b465ee728b)
Start importing Assets/Images/2023_10_02_13_52/wide282.png using Guid(38aae75aab6562449b0b9073fd4c2391) Importer(815301076,1909f56bfc062723c751e8b465ee728b)  -> (artifact id: '2ddfaefd59d254bc4de5a98fbbe1a56f') in 0.009776 seconds 
========================================================================
Received Import Request.
  Time since last request: 0.000298 seconds.
  path: Assets/Images/2023_10_02_13_52/wide295.png
  artifactKey: Guid(9f6dfbceb71f8a04e9bc61ef3acf3119) Importer(815301076,1909f56bfc062723c751e8b465ee728b)
Start importing Assets/Images/2023_10_02_13_52/wide295.png using Guid(9f6dfbceb71f8a04e9bc61ef3acf3119) Importer(815301076,1909f56bfc062723c751e8b465ee728b)  -> (artifact id: '8dd299e596ad9a64586f90c9206f0f61') in 0.010401 seconds 
========================================================================
Received Import Request.
  Time since last request: 0.000177 seconds.
  path: Assets/Images/2023_10_02_13_52/wide302.png
  artifactKey: Guid(f2d048512c6899f4a8f34b6acb94deb7) Importer(815301076,1909f56bfc062723c751e8b465ee728b)
Start importing Assets/Images/2023_10_02_13_52/wide302.png using Guid(f2d048512c6899f4a8f34b6acb94deb7) Importer(815301076,1909f56bfc062723c751e8b465ee728b)  -> (artifact id: '14e2eaa211adc82c377f2d74cd5403c2') in 0.009916 seconds 
========================================================================
Received Import Request.
  Time since last request: 0.000168 seconds.
  path: Assets/Images/2023_10_02_13_52/wide290.png
  artifactKey: Guid(f28c10976cc2f5c439fb39a6391890a3) Importer(815301076,1909f56bfc062723c751e8b465ee728b)
Start importing Assets/Images/2023_10_02_13_52/wide290.png using Guid(f28c10976cc2f5c439fb39a6391890a3) Importer(815301076,1909f56bfc062723c751e8b465ee728b)  -> (artifact id: 'b84b812ed5dbfae904af9fb6295d1ae4') in 0.024921 seconds 
========================================================================
Received Import Request.
  Time since last request: 0.000207 seconds.
  path: Assets/Images/2023_10_02_13_52/wide311.png
  artifactKey: Guid(997cbaa2ba4e89b4b870956ba5e42ff8) Importer(815301076,1909f56bfc062723c751e8b465ee728b)
Start importing Assets/Images/2023_10_02_13_52/wide311.png using Guid(997cbaa2ba4e89b4b870956ba5e42ff8) Importer(815301076,1909f56bfc062723c751e8b465ee728b)  -> (artifact id: '28b44f3f2552b9cdc085fe76acd8a9fb') in 0.009688 seconds 
========================================================================
Received Import Request.
  Time since last request: 0.000174 seconds.
  path: Assets/Images/2023_10_02_13_52/wide304.png
  artifactKey: Guid(6dcfe527f99896a4eacc137b68d3fdc7) Importer(815301076,1909f56bfc062723c751e8b465ee728b)
Start importing Assets/Images/2023_10_02_13_52/wide304.png using Guid(6dcfe527f99896a4eacc137b68d3fdc7) Importer(815301076,1909f56bfc062723c751e8b465ee728b)  -> (artifact id: '8845b3a71e1e6d55d0f47b06f1264058') in 0.009584 seconds 
========================================================================
Received Import Request.
  Time since last request: 0.000197 seconds.
  path: Assets/Images/2023_10_02_13_52/wide308.png
  artifactKey: Guid(9619f36bef53feb49abbbedc33088147) Importer(815301076,1909f56bfc062723c751e8b465ee728b)
Start importing Assets/Images/2023_10_02_13_52/wide308.png using Guid(9619f36bef53feb49abbbedc33088147) Importer(815301076,1909f56bfc062723c751e8b465ee728b)  -> (artifact id: '7eefce83dfff56beef00183beab296ab') in 0.009724 seconds 
========================================================================
Received Import Request.
  Time since last request: 0.000287 seconds.
  path: Assets/Images/2023_10_02_13_52/wide281.png
  artifactKey: Guid(a8f83b749fef98640a4e81cc4d24f9ee) Importer(815301076,1909f56bfc062723c751e8b465ee728b)
Start importing Assets/Images/2023_10_02_13_52/wide281.png using Guid(a8f83b749fef98640a4e81cc4d24f9ee) Importer(815301076,1909f56bfc062723c751e8b465ee728b)  -> (artifact id: '80d0f79514743908e0b293e05182fd91') in 0.010282 seconds 
========================================================================
Received Import Request.
  Time since last request: 0.000244 seconds.
  path: Assets/Images/2023_10_02_13_52/wide284.png
  artifactKey: Guid(747a76aacf0017745934a1a899785364) Importer(815301076,1909f56bfc062723c751e8b465ee728b)
Start importing Assets/Images/2023_10_02_13_52/wide284.png using Guid(747a76aacf0017745934a1a899785364) Importer(815301076,1909f56bfc062723c751e8b465ee728b)  -> (artifact id: '9b144753ef6204cb23120a135b406026') in 0.009936 seconds 
========================================================================
Received Import Request.
  Time since last request: 0.000290 seconds.
  path: Assets/Images/2023_10_02_13_52/wide309.png
  artifactKey: Guid(c4b3b211dec72d146b58477f09004517) Importer(815301076,1909f56bfc062723c751e8b465ee728b)
Start importing Assets/Images/2023_10_02_13_52/wide309.png using Guid(c4b3b211dec72d146b58477f09004517) Importer(815301076,1909f56bfc062723c751e8b465ee728b)  -> (artifact id: '4ac81dd5f04907e7f999f166e0c36994') in 0.010008 seconds 
========================================================================
Received Import Request.
  Time since last request: 0.000165 seconds.
  path: Assets/Images/2023_10_02_13_52/wide287.png
  artifactKey: Guid(8c4bc32f7b8909442a46398b9168ca90) Importer(815301076,1909f56bfc062723c751e8b465ee728b)
Start importing Assets/Images/2023_10_02_13_52/wide287.png using Guid(8c4bc32f7b8909442a46398b9168ca90) Importer(815301076,1909f56bfc062723c751e8b465ee728b)  -> (artifact id: '1cb15f54f249569b86740c607ea033a3') in 0.009421 seconds 
========================================================================
Received Import Request.
  Time since last request: 0.000165 seconds.
  path: Assets/Images/2023_10_02_13_52/wide317.png
  artifactKey: Guid(9eeb73c5e3e2a4a428dae95bebfd706b) Importer(815301076,1909f56bfc062723c751e8b465ee728b)
Start importing Assets/Images/2023_10_02_13_52/wide317.png using Guid(9eeb73c5e3e2a4a428dae95bebfd706b) Importer(815301076,1909f56bfc062723c751e8b465ee728b)  -> (artifact id: 'f6c3b90a49d44f7e89384914c1004673') in 0.008637 seconds 
========================================================================
Received Import Request.
  Time since last request: 0.000760 seconds.
  path: Assets/Images/2023_10_02_13_52/wide283.png
  artifactKey: Guid(dff326c257e08ab4d9c1a352c8093c42) Importer(815301076,1909f56bfc062723c751e8b465ee728b)
Start importing Assets/Images/2023_10_02_13_52/wide283.png using Guid(dff326c257e08ab4d9c1a352c8093c42) Importer(815301076,1909f56bfc062723c751e8b465ee728b)  -> (artifact id: 'e4aac45c77a819d803af65f1ce5e8d5a') in 0.010063 seconds 
========================================================================
Received Import Request.
  Time since last request: 0.000181 seconds.
  path: Assets/Images/2023_10_02_13_52/wide286.png
  artifactKey: Guid(db08a6b491fe85545a975effabf338b4) Importer(815301076,1909f56bfc062723c751e8b465ee728b)
Start importing Assets/Images/2023_10_02_13_52/wide286.png using Guid(db08a6b491fe85545a975effabf338b4) Importer(815301076,1909f56bfc062723c751e8b465ee728b)  -> (artifact id: 'b79dae432d07e6502b683a82846cf95b') in 0.009482 seconds 
========================================================================
Received Import Request.
  Time since last request: 0.000188 seconds.
  path: Assets/Images/2023_10_02_13_52/wide279.png
  artifactKey: Guid(538c930cd07bc7842b1308d808f4293d) Importer(815301076,1909f56bfc062723c751e8b465ee728b)
Start importing Assets/Images/2023_10_02_13_52/wide279.png using Guid(538c930cd07bc7842b1308d808f4293d) Importer(815301076,1909f56bfc062723c751e8b465ee728b)  -> (artifact id: 'e31f97e8d4f6745b4f7824b8b4e3f17c') in 0.009761 seconds 
AssetImportWorkerClient::OnTransportError - code=2 error=End of file
