Using pre-set license
Built from '2020.3/staging' branch; Version is '2020.3.30f1 (1fb1bf06830e) revision 2077119'; Using compiler version '192528614'; Build Type 'Release'
OS: 'Windows 11  (10.0.22000) 64bit Professional' Language: 'es' Physical Memory: 12174 MB
BatchMode: 1, IsHumanControllingUs: 0, StartBugReporterOnCrash: 0, Is64bit: 1, IsPro: 0

COMMAND LINE ARGUMENTS:
C:\Program Files\Unity 2020.3.30f1\Editor\Unity.exe
-adb2
-batchMode
-noUpm
-name
AssetImportWorker0
-projectPath
C:/PROYECTOS/Recogedor_de_basura_acuatico/Robot_acuatico_autonomo
-logFile
Logs/AssetImportWorker0.log
-srvPort
51865
Successfully changed project path to: C:/PROYECTOS/Recogedor_de_basura_acuatico/Robot_acuatico_autonomo
C:/PROYECTOS/Recogedor_de_basura_acuatico/Robot_acuatico_autonomo
Using Asset Import Pipeline V2.
Refreshing native plugins compatible for Editor in 79.89 ms, found 2 plugins.
Preloading 0 native plugins for Editor in 0.00 ms.
Initialize engine version: 2020.3.30f1 (1fb1bf06830e)
[Subsystems] Discovering subsystems at path C:/Program Files/Unity 2020.3.30f1/Editor/Data/Resources/UnitySubsystems
[Subsystems] Discovering subsystems at path C:/PROYECTOS/Recogedor_de_basura_acuatico/Robot_acuatico_autonomo/Assets
GfxDevice: creating device client; threaded=0
Direct3D:
    Version:  Direct3D 11.0 [level 11.1]
    Renderer: Intel(R) UHD Graphics 620 (ID=0x5917)
    Vendor:   
    VRAM:     6087 MB
    Driver:   25.20.100.6615
Initialize mono
Mono path[0] = 'C:/Program Files/Unity 2020.3.30f1/Editor/Data/Managed'
Mono path[1] = 'C:/Program Files/Unity 2020.3.30f1/Editor/Data/MonoBleedingEdge/lib/mono/unityjit'
Mono config path = 'C:/Program Files/Unity 2020.3.30f1/Editor/Data/MonoBleedingEdge/etc'
Using monoOptions --debugger-agent=transport=dt_socket,embedding=1,server=y,suspend=n,address=127.0.0.1:56036
Begin MonoManager ReloadAssembly
Registering precompiled unity dll's ...
Register platform support module: C:/Program Files/Unity 2020.3.30f1/Editor/Data/PlaybackEngines/WindowsStandaloneSupport/UnityEditor.WindowsStandalone.Extensions.dll
Registered in 0.001546 seconds.
Native extension for WindowsStandalone target not found
Refreshing native plugins compatible for Editor in 72.11 ms, found 2 plugins.
Preloading 0 native plugins for Editor in 0.00 ms.
Mono: successfully reloaded assembly
- Completed reload, in  0.713 seconds
Domain Reload Profiling:
	ReloadAssembly (714ms)
		BeginReloadAssembly (75ms)
			ExecutionOrderSort (0ms)
			DisableScriptedObjects (0ms)
			BackupInstance (0ms)
			ReleaseScriptingObjects (0ms)
			CreateAndSetChildDomain (1ms)
		EndReloadAssembly (554ms)
			LoadAssemblies (72ms)
			RebuildTransferFunctionScriptingTraits (0ms)
			SetupTypeCache (188ms)
			ReleaseScriptCaches (0ms)
			RebuildScriptCaches (37ms)
			SetupLoadedEditorAssemblies (220ms)
				LogAssemblyErrors (0ms)
				InitializePlatformSupportModulesInManaged (5ms)
				SetLoadedEditorAssemblies (0ms)
				RefreshPlugins (72ms)
				BeforeProcessingInitializeOnLoad (15ms)
				ProcessInitializeOnLoadAttributes (95ms)
				ProcessInitializeOnLoadMethodAttributes (33ms)
				AfterProcessingInitializeOnLoad (0ms)
				EditorAssembliesLoaded (0ms)
			ExecutionOrderSort2 (0ms)
			AwakeInstancesAfterBackupRestoration (0ms)
Platform modules already initialized, skipping
Registering precompiled user dll's ...
Registered in 0.003767 seconds.
Begin MonoManager ReloadAssembly
Native extension for WindowsStandalone target not found
Refreshing native plugins compatible for Editor in 105.17 ms, found 2 plugins.
Preloading 0 native plugins for Editor in 0.00 ms.
Mono: successfully reloaded assembly
- Completed reload, in  2.136 seconds
Domain Reload Profiling:
	ReloadAssembly (2137ms)
		BeginReloadAssembly (264ms)
			ExecutionOrderSort (0ms)
			DisableScriptedObjects (8ms)
			BackupInstance (0ms)
			ReleaseScriptingObjects (0ms)
			CreateAndSetChildDomain (32ms)
		EndReloadAssembly (1763ms)
			LoadAssemblies (202ms)
			RebuildTransferFunctionScriptingTraits (0ms)
			SetupTypeCache (590ms)
			ReleaseScriptCaches (1ms)
			RebuildScriptCaches (94ms)
			SetupLoadedEditorAssemblies (659ms)
				LogAssemblyErrors (0ms)
				InitializePlatformSupportModulesInManaged (5ms)
				SetLoadedEditorAssemblies (0ms)
				RefreshPlugins (105ms)
				BeforeProcessingInitializeOnLoad (145ms)
				ProcessInitializeOnLoadAttributes (379ms)
				ProcessInitializeOnLoadMethodAttributes (16ms)
				AfterProcessingInitializeOnLoad (8ms)
				EditorAssembliesLoaded (0ms)
			ExecutionOrderSort2 (0ms)
			AwakeInstancesAfterBackupRestoration (13ms)
Platform modules already initialized, skipping
========================================================================
Worker process is ready to serve import requests
Launched and connected shader compiler UnityShaderCompiler.exe after 0.13 seconds
Refreshing native plugins compatible for Editor in 0.89 ms, found 2 plugins.
Preloading 0 native plugins for Editor in 0.00 ms.
Unloading 3130 Unused Serialized files (Serialized files now loaded: 0)
System memory in use before: 218.1 MB.
System memory in use after: 218.3 MB.

Unloading 17 unused Assets to reduce memory usage. Loaded Objects now: 3590.
Total: 5.436800 ms (FindLiveObjects: 0.372000 ms CreateObjectMapping: 0.177900 ms MarkObjects: 4.573900 ms  DeleteObjects: 0.311800 ms)

AssetImportParameters requested are different than current active one (requested -> active):
  custom:framework-win-MediaFoundation: 216162199b28c13a410421893ffa2e32 -> 
  custom:video-decoder-ogg-theora: a1e56fd34408186e4bbccfd4996cb3dc -> 
  custom:container-muxer-webm: aa71ff27fc2769a1b78a27578f13a17b -> 
  custom:container-demuxer-webm: 4f35f7cbe854078d1ac9338744f61a02 -> 
  custom:container-demuxer-ogg: 62fdf1f143b41e24485cea50d1cbac27 -> 
  custom:video-encoder-webm-vp8: eb34c28f22e8b96e1ab97ce403110664 -> 
  custom:video-decoder-webm-vp8: 9c59270c3fd7afecdb556c50c9e8de78 -> 
  custom:audio-decoder-ogg-vorbis: bf7c407c2cedff20999df2af8eb42d56 -> 
  custom:audio-encoder-webm-vorbis: bf7c407c2cedff20999df2af8eb42d56 -> 
========================================================================
Received Import Request.
  path: Assets/18_12_2022   11_26_21/Imagen0Angulo0,3192526.png
  artifactKey: Guid(ba86f6541fe3b2f498d8e1714cbce503) Importer(815301076,1909f56bfc062723c751e8b465ee728b)
Start importing Assets/18_12_2022   11_26_21/Imagen0Angulo0,3192526.png using Guid(ba86f6541fe3b2f498d8e1714cbce503) Importer(815301076,1909f56bfc062723c751e8b465ee728b)  -> (artifact id: 'd095ea04e647e7cba4a3da7a50ddc6ab') in 0.500463 seconds 
========================================================================
Received Import Request.
  Time since last request: 0.000713 seconds.
  path: Assets/18_12_2022   11_26_21/Imagen1Angulo5,530647.png
  artifactKey: Guid(b24b721f8852a3e42bb006421df2c414) Importer(815301076,1909f56bfc062723c751e8b465ee728b)
Start importing Assets/18_12_2022   11_26_21/Imagen1Angulo5,530647.png using Guid(b24b721f8852a3e42bb006421df2c414) Importer(815301076,1909f56bfc062723c751e8b465ee728b)  -> (artifact id: 'ffb88141870012135a248f9e4ca38328') in 0.136087 seconds 
========================================================================
Received Import Request.
  Time since last request: 0.000591 seconds.
  path: Assets/18_12_2022   11_26_21/Imagen2Angulo9,727819.png
  artifactKey: Guid(a848e73d48ac0bb428c6a55d480d3df2) Importer(815301076,1909f56bfc062723c751e8b465ee728b)
Start importing Assets/18_12_2022   11_26_21/Imagen2Angulo9,727819.png using Guid(a848e73d48ac0bb428c6a55d480d3df2) Importer(815301076,1909f56bfc062723c751e8b465ee728b)  -> (artifact id: 'c881978b84eb679311b59961e79e55f3') in 0.095776 seconds 
========================================================================
Received Import Request.
  Time since last request: 0.341928 seconds.
  path: Assets/18_12_2022   10_18/Imagen0Angulo20,00934.png
  artifactKey: Guid(3593f4e49aa022e488761887b6bf8a33) Importer(815301076,1909f56bfc062723c751e8b465ee728b)
Start importing Assets/18_12_2022   10_18/Imagen0Angulo20,00934.png using Guid(3593f4e49aa022e488761887b6bf8a33) Importer(815301076,1909f56bfc062723c751e8b465ee728b)  -> (artifact id: '667bd244ea577fbe3128e18f9c371a50') in 0.240184 seconds 
========================================================================
Received Import Request.
  Time since last request: 0.000640 seconds.
  path: Assets/18_12_2022   10_18/Imagen8Angulo13,24507.png
  artifactKey: Guid(9d078ab8868475c43921d49af9279904) Importer(815301076,1909f56bfc062723c751e8b465ee728b)
Start importing Assets/18_12_2022   10_18/Imagen8Angulo13,24507.png using Guid(9d078ab8868475c43921d49af9279904) Importer(815301076,1909f56bfc062723c751e8b465ee728b)  -> (artifact id: '4f48ef85e2f59e8c8a4e08181f2b86e3') in 0.218423 seconds 
========================================================================
Received Import Request.
  Time since last request: 0.000740 seconds.
  path: Assets/18_12_2022   10_18/Imagen2Angulo7,188879.png
  artifactKey: Guid(80828cf5e5d523542a67b113f64afce2) Importer(815301076,1909f56bfc062723c751e8b465ee728b)
Start importing Assets/18_12_2022   10_18/Imagen2Angulo7,188879.png using Guid(80828cf5e5d523542a67b113f64afce2) Importer(815301076,1909f56bfc062723c751e8b465ee728b)  -> (artifact id: '69a8c7b806fc97df3c89b8faf02d48e2') in 0.340148 seconds 
========================================================================
Received Import Request.
  Time since last request: 0.000548 seconds.
  path: Assets/18_12_2022   10_18/Imagen3Angulo0,2221403.png
  artifactKey: Guid(b9b4968e7152f6c4f9b974af498cbbdd) Importer(815301076,1909f56bfc062723c751e8b465ee728b)
Start importing Assets/18_12_2022   10_18/Imagen3Angulo0,2221403.png using Guid(b9b4968e7152f6c4f9b974af498cbbdd) Importer(815301076,1909f56bfc062723c751e8b465ee728b)  -> (artifact id: 'adb47e2c8a414b16993a3267a35d2218') in 0.267993 seconds 
========================================================================
Received Import Request.
  Time since last request: 0.000976 seconds.
  path: Assets/18_12_2022   10_20/Imagen2Angulo112,5097.png
  artifactKey: Guid(a972ed72cd7069942b6dfa0ae2ca660a) Importer(815301076,1909f56bfc062723c751e8b465ee728b)
Start importing Assets/18_12_2022   10_20/Imagen2Angulo112,5097.png using Guid(a972ed72cd7069942b6dfa0ae2ca660a) Importer(815301076,1909f56bfc062723c751e8b465ee728b)  -> (artifact id: '7146b3b59abd4de4007710de1a2963f3') in 0.413037 seconds 
========================================================================
Received Import Request.
  Time since last request: 0.000708 seconds.
  path: Assets/18_12_2022   10_18/Imagen1Angulo47,23016.png
  artifactKey: Guid(8f7b7a8c2114956438f8e9289da5f848) Importer(815301076,1909f56bfc062723c751e8b465ee728b)
Start importing Assets/18_12_2022   10_18/Imagen1Angulo47,23016.png using Guid(8f7b7a8c2114956438f8e9289da5f848) Importer(815301076,1909f56bfc062723c751e8b465ee728b)  -> (artifact id: '5c61561ba95636dacbbb8ddbf44b84fd') in 0.218382 seconds 
========================================================================
Received Import Request.
  Time since last request: 0.000700 seconds.
  path: Assets/18_12_2022   10_18/Imagen7Angulo18,18648.png
  artifactKey: Guid(e48e1836feaf5b0458617b0ff301dbc6) Importer(815301076,1909f56bfc062723c751e8b465ee728b)
Start importing Assets/18_12_2022   10_18/Imagen7Angulo18,18648.png using Guid(e48e1836feaf5b0458617b0ff301dbc6) Importer(815301076,1909f56bfc062723c751e8b465ee728b)  -> (artifact id: '8b9a88302c00c2349076a0284127bbd6') in 0.186799 seconds 
========================================================================
Received Import Request.
  Time since last request: 0.000919 seconds.
  path: Assets/18_12_2022   10_20/Imagen5Angulo103,4803.png
  artifactKey: Guid(19a89989c9bcc854082c9afb79aa9703) Importer(815301076,1909f56bfc062723c751e8b465ee728b)
Start importing Assets/18_12_2022   10_20/Imagen5Angulo103,4803.png using Guid(19a89989c9bcc854082c9afb79aa9703) Importer(815301076,1909f56bfc062723c751e8b465ee728b)  -> (artifact id: 'dd24648a33a7c27ae797297b9cff6b95') in 0.389478 seconds 
========================================================================
Received Import Request.
  Time since last request: 0.001074 seconds.
  path: Assets/18_12_2022   10_18/Imagen18Angulo323,0357.png
  artifactKey: Guid(2ad52cd78c6a31d4ea2eac0f9f5cf90d) Importer(815301076,1909f56bfc062723c751e8b465ee728b)
Start importing Assets/18_12_2022   10_18/Imagen18Angulo323,0357.png using Guid(2ad52cd78c6a31d4ea2eac0f9f5cf90d) Importer(815301076,1909f56bfc062723c751e8b465ee728b)  -> (artifact id: 'f59455a3b6f4db8347464b504d1234dc') in 0.260315 seconds 
========================================================================
Received Import Request.
  Time since last request: 0.001076 seconds.
  path: Assets/18_12_2022   10_18/Imagen14Angulo329,9536.png
  artifactKey: Guid(d134272991913794984d4e2e4db28ed8) Importer(815301076,1909f56bfc062723c751e8b465ee728b)
Start importing Assets/18_12_2022   10_18/Imagen14Angulo329,9536.png using Guid(d134272991913794984d4e2e4db28ed8) Importer(815301076,1909f56bfc062723c751e8b465ee728b)  -> (artifact id: '3998d757de310000290950a2b440f86b') in 0.151099 seconds 
========================================================================
Received Import Request.
  Time since last request: 0.001032 seconds.
  path: Assets/18_12_2022   10_18/Imagen11Angulo351,7728.png
  artifactKey: Guid(a838d48f64c7c0b4eab5a0e95b619955) Importer(815301076,1909f56bfc062723c751e8b465ee728b)
Start importing Assets/18_12_2022   10_18/Imagen11Angulo351,7728.png using Guid(a838d48f64c7c0b4eab5a0e95b619955) Importer(815301076,1909f56bfc062723c751e8b465ee728b)  -> (artifact id: '03e53f67eabb3e85146414ea79ccfaed') in 0.191869 seconds 
========================================================================
Received Import Request.
  Time since last request: 0.000704 seconds.
  path: Assets/18_12_2022   10_18/Imagen10Angulo359,0409.png
  artifactKey: Guid(1304e72f1a8644644841103fcf1fbab5) Importer(815301076,1909f56bfc062723c751e8b465ee728b)
Start importing Assets/18_12_2022   10_18/Imagen10Angulo359,0409.png using Guid(1304e72f1a8644644841103fcf1fbab5) Importer(815301076,1909f56bfc062723c751e8b465ee728b)  -> (artifact id: 'ef0430f56cd4bd5a961003637d3f6b3f') in 0.211140 seconds 
========================================================================
Received Import Request.
  Time since last request: 0.001020 seconds.
  path: Assets/18_12_2022   10_18/Imagen16Angulo314,0004.png
  artifactKey: Guid(e0670fb9fa801094596b2196497e46af) Importer(815301076,1909f56bfc062723c751e8b465ee728b)
Start importing Assets/18_12_2022   10_18/Imagen16Angulo314,0004.png using Guid(e0670fb9fa801094596b2196497e46af) Importer(815301076,1909f56bfc062723c751e8b465ee728b)  -> (artifact id: '7e1a5da0929eb69f1d8bf1d3c717807c') in 0.206174 seconds 
========================================================================
Received Import Request.
  Time since last request: 0.000731 seconds.
  path: Assets/18_12_2022   10_18/Imagen15Angulo322,6804.png
  artifactKey: Guid(068eca97aff6a63428d60c7ff48e4cf0) Importer(815301076,1909f56bfc062723c751e8b465ee728b)
Start importing Assets/18_12_2022   10_18/Imagen15Angulo322,6804.png using Guid(068eca97aff6a63428d60c7ff48e4cf0) Importer(815301076,1909f56bfc062723c751e8b465ee728b)  -> (artifact id: '28ee400bba5f60d4cf8a19ebf2bb08b1') in 0.181268 seconds 
========================================================================
Received Import Request.
  Time since last request: 0.000780 seconds.
  path: Assets/18_12_2022   10_18/Imagen3Angulo32,39455.png
  artifactKey: Guid(6e0449538153c364ca42ba1f061ebf21) Importer(815301076,1909f56bfc062723c751e8b465ee728b)
Start importing Assets/18_12_2022   10_18/Imagen3Angulo32,39455.png using Guid(6e0449538153c364ca42ba1f061ebf21) Importer(815301076,1909f56bfc062723c751e8b465ee728b)  -> (artifact id: 'b6c6d4058dec76582eeca4d54990ad1a') in 0.197168 seconds 
========================================================================
Received Import Request.
  Time since last request: 0.000690 seconds.
  path: Assets/18_12_2022   10_18/Imagen13Angulo337,2269.png
  artifactKey: Guid(e2ad083daedba8249a67ec0853044624) Importer(815301076,1909f56bfc062723c751e8b465ee728b)
Start importing Assets/18_12_2022   10_18/Imagen13Angulo337,2269.png using Guid(e2ad083daedba8249a67ec0853044624) Importer(815301076,1909f56bfc062723c751e8b465ee728b)  -> (artifact id: '879d03d8874f2a1ffd1386765f7113fe') in 0.196974 seconds 
========================================================================
Received Import Request.
  Time since last request: 0.001115 seconds.
  path: Assets/18_12_2022   10_18/Imagen12Angulo344,5002.png
  artifactKey: Guid(f55b41666a56b0a4b99c24629fbc34ee) Importer(815301076,1909f56bfc062723c751e8b465ee728b)
Start importing Assets/18_12_2022   10_18/Imagen12Angulo344,5002.png using Guid(f55b41666a56b0a4b99c24629fbc34ee) Importer(815301076,1909f56bfc062723c751e8b465ee728b)  -> (artifact id: 'd753a44207854b5904fead7515824680') in 0.199175 seconds 
========================================================================
Received Import Request.
  Time since last request: 0.000773 seconds.
  path: Assets/18_12_2022   10_18/Imagen2Angulo40,03551.png
  artifactKey: Guid(3124f5d058080b24abada48cae0e8645) Importer(815301076,1909f56bfc062723c751e8b465ee728b)
Start importing Assets/18_12_2022   10_18/Imagen2Angulo40,03551.png using Guid(3124f5d058080b24abada48cae0e8645) Importer(815301076,1909f56bfc062723c751e8b465ee728b)  -> (artifact id: '4a12de484199b14996fb7f47346c5b27') in 0.207096 seconds 
========================================================================
Received Import Request.
  Time since last request: 0.000824 seconds.
  path: Assets/18_12_2022   10_18/Imagen17Angulo318,1942.png
  artifactKey: Guid(6aee3afa7043f4d4e86beae1ec5a4614) Importer(815301076,1909f56bfc062723c751e8b465ee728b)
Start importing Assets/18_12_2022   10_18/Imagen17Angulo318,1942.png using Guid(6aee3afa7043f4d4e86beae1ec5a4614) Importer(815301076,1909f56bfc062723c751e8b465ee728b)  -> (artifact id: '32d9e4c1c6f87ee3a720695d761593ca') in 0.199077 seconds 
========================================================================
Received Import Request.
  Time since last request: 0.000710 seconds.
  path: Assets/18_12_2022   10_18/Imagen0Angulo53,89876.png
  artifactKey: Guid(61e4b23c31029d84a867c36fbd0600fb) Importer(815301076,1909f56bfc062723c751e8b465ee728b)
Start importing Assets/18_12_2022   10_18/Imagen0Angulo53,89876.png using Guid(61e4b23c31029d84a867c36fbd0600fb) Importer(815301076,1909f56bfc062723c751e8b465ee728b)  -> (artifact id: '6f487e959abbc3d7e09d9b9f86a857e4') in 0.244719 seconds 
========================================================================
Received Import Request.
  Time since last request: 0.000699 seconds.
  path: Assets/18_12_2022   10_18/Imagen4Angulo27,12801.png
  artifactKey: Guid(ede7fdbd4cd817741a1fc5d584d755c7) Importer(815301076,1909f56bfc062723c751e8b465ee728b)
Start importing Assets/18_12_2022   10_18/Imagen4Angulo27,12801.png using Guid(ede7fdbd4cd817741a1fc5d584d755c7) Importer(815301076,1909f56bfc062723c751e8b465ee728b)  -> (artifact id: '82ae59175e07692af6098d54859bafcd') in 0.234698 seconds 
========================================================================
Received Import Request.
  Time since last request: 0.000660 seconds.
  path: Assets/18_12_2022   10_20/Imagen3Angulo115,2212.png
  artifactKey: Guid(2b2300b419724d042a9f463eefc3cd19) Importer(815301076,1909f56bfc062723c751e8b465ee728b)
Start importing Assets/18_12_2022   10_20/Imagen3Angulo115,2212.png using Guid(2b2300b419724d042a9f463eefc3cd19) Importer(815301076,1909f56bfc062723c751e8b465ee728b)  -> (artifact id: '27918bfeb663acc42660debb9c65bdd5') in 0.171276 seconds 
========================================================================
Received Import Request.
  Time since last request: 0.000760 seconds.
  path: Assets/18_12_2022   10_18/Imagen9Angulo6,274762.png
  artifactKey: Guid(9af55a9f6b7287d4893c6ffd60f6743d) Importer(815301076,1909f56bfc062723c751e8b465ee728b)
Start importing Assets/18_12_2022   10_18/Imagen9Angulo6,274762.png using Guid(9af55a9f6b7287d4893c6ffd60f6743d) Importer(815301076,1909f56bfc062723c751e8b465ee728b)  -> (artifact id: '3d23b066cc2c0d6d726bb46c13250dcc') in 0.243356 seconds 
========================================================================
Received Import Request.
  Time since last request: 0.000790 seconds.
  path: Assets/18_12_2022   10_20/Imagen4Angulo109,907.png
  artifactKey: Guid(9dc7fc4387c91f14287410657c3c67b7) Importer(815301076,1909f56bfc062723c751e8b465ee728b)
Start importing Assets/18_12_2022   10_20/Imagen4Angulo109,907.png using Guid(9dc7fc4387c91f14287410657c3c67b7) Importer(815301076,1909f56bfc062723c751e8b465ee728b)  -> (artifact id: '5339c84b3451a4c3e6ea6c49532d9aeb') in 0.186299 seconds 
========================================================================
Received Import Request.
  Time since last request: 0.000709 seconds.
  path: Assets/18_12_2022   10_18/Imagen6Angulo12,49216.png
  artifactKey: Guid(02edb00c542ccb249a7302273795a1a7) Importer(815301076,1909f56bfc062723c751e8b465ee728b)
Start importing Assets/18_12_2022   10_18/Imagen6Angulo12,49216.png using Guid(02edb00c542ccb249a7302273795a1a7) Importer(815301076,1909f56bfc062723c751e8b465ee728b)  -> (artifact id: '681dc1ed0a8c478af0a0ab2731cd5d08') in 0.187129 seconds 
========================================================================
Received Import Request.
  Time since last request: 0.000814 seconds.
  path: Assets/18_12_2022   10_20/Imagen6Angulo101,8143.png
  artifactKey: Guid(264095ba13a450644a64bc12bed59af0) Importer(815301076,1909f56bfc062723c751e8b465ee728b)
Start importing Assets/18_12_2022   10_20/Imagen6Angulo101,8143.png using Guid(264095ba13a450644a64bc12bed59af0) Importer(815301076,1909f56bfc062723c751e8b465ee728b)  -> (artifact id: 'f448e4f94accb431c5c4b4b22b782bce') in 0.329280 seconds 
========================================================================
Received Import Request.
  Time since last request: 0.001237 seconds.
  path: Assets/18_12_2022   10_18/Imagen19Angulo329,993.png
  artifactKey: Guid(b21ff9aa56e4c9f4a819bc20bb162958) Importer(815301076,1909f56bfc062723c751e8b465ee728b)
Start importing Assets/18_12_2022   10_18/Imagen19Angulo329,993.png using Guid(b21ff9aa56e4c9f4a819bc20bb162958) Importer(815301076,1909f56bfc062723c751e8b465ee728b)  -> (artifact id: 'a2c68a7cc1f5842fe9c8309cc3fd7afd') in 0.234577 seconds 
========================================================================
Received Import Request.
  Time since last request: 0.000864 seconds.
  path: Assets/18_12_2022   10_20/Imagen7Angulo101,5824.png
  artifactKey: Guid(913fb926be34d154dbd60a44255899e6) Importer(815301076,1909f56bfc062723c751e8b465ee728b)
Start importing Assets/18_12_2022   10_20/Imagen7Angulo101,5824.png using Guid(913fb926be34d154dbd60a44255899e6) Importer(815301076,1909f56bfc062723c751e8b465ee728b)  -> (artifact id: '0dbf4c80179d636362be59b8bf2696b9') in 0.178539 seconds 
========================================================================
Received Import Request.
  Time since last request: 0.000729 seconds.
  path: Assets/18_12_2022   10_20/Imagen0Angulo98,03542.png
  artifactKey: Guid(6b933b64bb9e0164aa36279d2766c4b4) Importer(815301076,1909f56bfc062723c751e8b465ee728b)
Start importing Assets/18_12_2022   10_20/Imagen0Angulo98,03542.png using Guid(6b933b64bb9e0164aa36279d2766c4b4) Importer(815301076,1909f56bfc062723c751e8b465ee728b)  -> (artifact id: '6cef02ab1d72823a9d18d8955b086f61') in 0.196654 seconds 
========================================================================
Received Import Request.
  Time since last request: 0.000772 seconds.
  path: Assets/18_12_2022   10_18/Imagen1Angulo12,10218.png
  artifactKey: Guid(9fd2c8fb1004fb846b961c2db9662cfc) Importer(815301076,1909f56bfc062723c751e8b465ee728b)
Start importing Assets/18_12_2022   10_18/Imagen1Angulo12,10218.png using Guid(9fd2c8fb1004fb846b961c2db9662cfc) Importer(815301076,1909f56bfc062723c751e8b465ee728b)  -> (artifact id: '2cf169ecdcbc21c5fd4ee1071d2e46f4') in 0.247856 seconds 
========================================================================
Received Import Request.
  Time since last request: 0.000715 seconds.
  path: Assets/18_12_2022   10_18/Imagen5Angulo5,307436.png
  artifactKey: Guid(e16327698c9f7354f917172550c03bdd) Importer(815301076,1909f56bfc062723c751e8b465ee728b)
Start importing Assets/18_12_2022   10_18/Imagen5Angulo5,307436.png using Guid(e16327698c9f7354f917172550c03bdd) Importer(815301076,1909f56bfc062723c751e8b465ee728b)  -> (artifact id: '12ee69ab0164edc6f1433e75d4940694') in 0.214303 seconds 
========================================================================
Received Import Request.
  Time since last request: 0.000753 seconds.
  path: Assets/18_12_2022   10_18/Imagen4Angulo358,7149.png
  artifactKey: Guid(ddc349477518c3e40b46a6f61c2609fd) Importer(815301076,1909f56bfc062723c751e8b465ee728b)
Start importing Assets/18_12_2022   10_18/Imagen4Angulo358,7149.png using Guid(ddc349477518c3e40b46a6f61c2609fd) Importer(815301076,1909f56bfc062723c751e8b465ee728b)  -> (artifact id: '97b0c5cf49e8b92c5e94ddc2136a49bb') in 0.225116 seconds 
========================================================================
Received Import Request.
  Time since last request: 0.000762 seconds.
  path: Assets/18_12_2022   10_20/Imagen1Angulo105,2447.png
  artifactKey: Guid(d3f3604cc4c60424ab47efcb7b9ec246) Importer(815301076,1909f56bfc062723c751e8b465ee728b)
Start importing Assets/18_12_2022   10_20/Imagen1Angulo105,2447.png using Guid(d3f3604cc4c60424ab47efcb7b9ec246) Importer(815301076,1909f56bfc062723c751e8b465ee728b)  -> (artifact id: 'ea6965ff86d6450fa2ae253c50c73ba3') in 0.158159 seconds 
AssetImportWorkerClient::OnTransportError - code=2 error=End of file
